\BOOKMARK [1][-]{section.1}{\376\377\003\225\003\271\003\303\003\261\003\263\003\311\003\263\003\256}{}% 1
\BOOKMARK [1][-]{section.2}{\376\377\003\233\003\256\003\310\003\267\000\040\003\264\003\265\003\264\003\277\003\274\003\255\003\275\003\311\003\275}{}% 2
\BOOKMARK [1][-]{section.3}{\376\377\003\223\003\301\003\261\003\306\003\271\003\272\003\256\000\040\003\221\003\275\003\261\003\300\003\261\003\301\003\254\003\303\003\304\003\261\003\303\003\267\000\040\003\224\003\271\003\272\003\304\003\315\003\277\003\305}{}% 3
\BOOKMARK [1][-]{section.4}{\376\377\003\222\003\261\003\303\003\271\003\272\003\254\000\040\003\303\003\304\003\277\003\271\003\307\003\265\003\257\003\261\000\040\003\224\003\271\003\272\003\304\003\315\003\277\003\305}{}% 4
\BOOKMARK [1][-]{section.5}{\376\377\000C\000o\000m\000p\000o\000n\000e\000n\000t\000\040\000M\000e\000a\000s\000u\000r\000e\000s}{}% 5
\BOOKMARK [1][-]{section.6}{\376\377\000D\000e\000g\000r\000e\000e\000\040\000M\000e\000a\000s\000u\000r\000e\000s}{}% 6
\BOOKMARK [2][-]{subsection.6.1}{\376\377\000M\000a\000x\000i\000m\000u\000m\000\040\000D\000e\000g\000r\000e\000e}{section.6}% 7
\BOOKMARK [2][-]{subsection.6.2}{\376\377\000A\000v\000e\000r\000a\000g\000e\000\040\000N\000o\000d\000e\000\040\000D\000e\000g\000r\000e\000e}{section.6}% 8
\BOOKMARK [2][-]{subsection.6.3}{\376\377\000D\000e\000g\000r\000e\000e\000\040\000D\000i\000s\000t\000r\000i\000b\000u\000t\000i\000o\000n}{section.6}% 9
\BOOKMARK [3][-]{subsubsection.6.3.1}{\376\377\000I\000n\000-\000D\000e\000g\000r\000e\000e}{subsection.6.3}% 10
\BOOKMARK [3][-]{subsubsection.6.3.2}{\376\377\000O\000u\000t\000-\000D\000e\000g\000r\000e\000e}{subsection.6.3}% 11
\BOOKMARK [3][-]{subsubsection.6.3.3}{\376\377\000T\000o\000t\000a\000l\000\040\000D\000e\000g\000r\000e\000e}{subsection.6.3}% 12
\BOOKMARK [1][-]{section.7}{\376\377\000C\000e\000n\000t\000r\000a\000l\000i\000t\000y\000\040\000m\000e\000a\000s\000u\000r\000e\000s}{}% 13
\BOOKMARK [2][-]{subsection.7.1}{\376\377\000D\000e\000g\000r\000e\000e}{section.7}% 14
\BOOKMARK [2][-]{subsection.7.2}{\376\377\000B\000e\000t\000w\000e\000e\000n\000n\000e\000s\000s\000\040\000C\000e\000n\000t\000r\000a\000l\000i\000t\000y}{section.7}% 15
\BOOKMARK [2][-]{subsection.7.3}{\376\377\000C\000l\000o\000s\000e\000n\000e\000s\000s\000\040\000C\000e\000n\000t\000r\000a\000l\000i\000t\000y}{section.7}% 16
\BOOKMARK [2][-]{subsection.7.4}{\376\377\000E\000i\000g\000e\000n\000v\000e\000c\000t\000o\000r\000\040\000C\000e\000n\000t\000r\000a\000l\000i\000t\000y}{section.7}% 17
\BOOKMARK [1][-]{section.8}{\376\377\000C\000l\000u\000s\000t\000e\000r\000i\000n\000g\000\040\000E\000f\000f\000e\000c\000t\000s}{}% 18
\BOOKMARK [2][-]{subsection.8.1}{\376\377\000A\000v\000e\000r\000a\000g\000e\000\040\000C\000l\000u\000s\000t\000e\000r\000i\000n\000g\000\040\000C\000o\000e\000f\000f\000i\000c\000i\000e\000n\000t}{section.8}% 19
\BOOKMARK [2][-]{subsection.8.2}{\376\377\000N\000u\000m\000b\000e\000r\000\040\000o\000f\000\040\000T\000r\000i\000a\000n\000g\000l\000e\000s}{section.8}% 20
\BOOKMARK [2][-]{subsection.8.3}{\376\377\000C\000l\000u\000s\000t\000e\000r\000i\000n\000g\000\040\000C\000o\000e\000f\000f\000i\000c\000i\000e\000n\000t\000\040\000D\000i\000s\000t\000r\000i\000b\000u\000t\000i\000o\000n}{section.8}% 21
\BOOKMARK [2][-]{subsection.8.4}{\376\377\000E\000x\000i\000s\000t\000e\000n\000c\000e\000\040\000o\000f\000\040\000t\000h\000e\000\040\000T\000r\000i\000a\000d\000i\000c\000\040\000C\000l\000o\000s\000u\000r\000e\000\040\000P\000h\000e\000n\000o\000m\000e\000n\000o\000n\000\040\000i\000n\000\040\000t\000h\000e\000\040\000F\000r\000i\000e\000n\000d\000s\000h\000i\000p\000\040\000N\000e\000i\000g\000h\000b\000o\000r\000h\000o\000o\000d}{section.8}% 22
\BOOKMARK [1][-]{section.9}{\376\377\000B\000r\000i\000d\000g\000e\000s\000\040\000a\000n\000d\000\040\000L\000o\000c\000a\000l\000\040\000B\000r\000i\000d\000g\000e\000s}{}% 23
\BOOKMARK [1][-]{section.10}{\376\377\000G\000e\000n\000d\000e\000r\000\040\000a\000n\000d\000\040\000h\000o\000m\000o\000p\000h\000i\000l\000y}{}% 24
\BOOKMARK [1][-]{section.11}{\376\377\000G\000r\000a\000p\000h\000\040\000D\000e\000n\000s\000i\000t\000y}{}% 25
\BOOKMARK [1][-]{section.12}{\376\377\000C\000o\000m\000m\000u\000n\000i\000t\000y\000\040\000s\000t\000r\000u\000c\000t\000u\000r\000e\000\040\000\050\000m\000o\000d\000u\000l\000a\000r\000i\000t\000y\000\051}{}% 26
\BOOKMARK [1][-]{section.13}{\376\377\000P\000a\000g\000e\000R\000a\000n\000k}{}% 27
\BOOKMARK [1][-]{section.14}{\376\377\003\243\003\305\003\274\003\300\003\265\003\301\003\254\003\303\003\274\003\261\003\304\003\261}{}% 28
