This is pdfTeX, Version 3.141592653-2.6-1.40.25 (MiKTeX 23.12) (preloaded format=pdflatex 2024.1.11)  15 FEB 2024 17:37
entering extended mode
 restricted \write18 enabled.
 %&-line parsing enabled.
**./document.tex
(document.tex
LaTeX2e <2023-11-01>
L3 programming layer <2024-01-04>
(C:\Users\user\AppData\Local\Programs\MiKTeX\tex/latex/base\article.cls
Document Class: article 2023/05/17 v1.4n Standard LaTeX document class
(C:\Users\user\AppData\Local\Programs\MiKTeX\tex/latex/base\size12.clo
File: size12.clo 2023/05/17 v1.4n Standard LaTeX file (size option)
)
\c@part=\count187
\c@section=\count188
\c@subsection=\count189
\c@subsubsection=\count190
\c@paragraph=\count191
\c@subparagraph=\count192
\c@figure=\count193
\c@table=\count194
\abovecaptionskip=\skip48
\belowcaptionskip=\skip49
\bibindent=\dimen140
)
(C:\Users\user\AppData\Local\Programs\MiKTeX\tex/latex/graphics\graphicx.sty
Package: graphicx 2021/09/16 v1.2d Enhanced LaTeX Graphics (DPC,SPQR)

(C:\Users\user\AppData\Local\Programs\MiKTeX\tex/latex/graphics\keyval.sty
Package: keyval 2022/05/29 v1.15 key=value parser (DPC)
\KV@toks@=\toks17
)
(C:\Users\user\AppData\Local\Programs\MiKTeX\tex/latex/graphics\graphics.sty
Package: graphics 2022/03/10 v1.4e Standard LaTeX Graphics (DPC,SPQR)

(C:\Users\user\AppData\Local\Programs\MiKTeX\tex/latex/graphics\trig.sty
Package: trig 2021/08/11 v1.11 sin cos tan (DPC)
)
(C:\Users\user\AppData\Local\Programs\MiKTeX\tex/latex/graphics-cfg\graphics.cf
g
File: graphics.cfg 2016/06/04 v1.11 sample graphics configuration
)
Package graphics Info: Driver file: pdftex.def on input line 107.

(C:\Users\user\AppData\Local\Programs\MiKTeX\tex/latex/graphics-def\pdftex.def
File: pdftex.def 2022/09/22 v1.2b Graphics/color driver for pdftex
))
\Gin@req@height=\dimen141
\Gin@req@width=\dimen142
) (C:\Users\user\AppData\Local\Programs\MiKTeX\tex/latex/base\inputenc.sty
Package: inputenc 2021/02/14 v1.3d Input encoding file
\inpenc@prehook=\toks18
\inpenc@posthook=\toks19
)
(C:\Users\user\AppData\Local\Programs\MiKTeX\tex/generic/babel\babel.sty
Package: babel 2023/12/10 v3.99 The Babel package
\babel@savecnt=\count195
\U@D=\dimen143
\l@unhyphenated=\language79

(C:\Users\user\AppData\Local\Programs\MiKTeX\tex/generic/babel\txtbabel.def)
\bbl@readstream=\read2
\bbl@dirlevel=\count196

*************************************
* Local config file bblopts.cfg used
*
(C:\Users\user\AppData\Local\Programs\MiKTeX\tex/latex/arabi\bblopts.cfg
File: bblopts.cfg 2005/09/08 v0.1 add Arabic and Farsi to "declared" options of
 babel
)
(C:\Users\user\AppData\Local\Programs\MiKTeX\tex/latex/babel-greek\greek.ldf
Language: greek 2023/10/13 1.15 Greek support for the babel system
\bbl@monogreek=\count197
\bbl@polygreek=\count198
\bbl@ancientgreek=\count199

(C:\Users\user\AppData\Local\Programs\MiKTeX\tex/latex/greek-fontenc\lgrenc.def
File: lgrenc.def 2023-09-12 2.5 LGR Greek font encoding definitions
Now handling font encoding LGR ...
... processing UTF-8 mapping file for font encoding LGR

(C:\Users\user\AppData\Local\Programs\MiKTeX\tex/latex/greek-inputenc\lgrenc.df
u
File: lgrenc.dfu 2023-03-21 1.9 UTF-8 support for Greek
   defining Unicode char U+00A8 (decimal 168)
   defining Unicode char U+00AB (decimal 171)
   defining Unicode char U+00AF (decimal 175)
   defining Unicode char U+00B4 (decimal 180)
   defining Unicode char U+00B7 (decimal 183)
   defining Unicode char U+00BB (decimal 187)
   defining Unicode char U+0259 (decimal 601)
   defining Unicode char U+02D8 (decimal 728)
   defining Unicode char U+0374 (decimal 884)
   defining Unicode char U+0375 (decimal 885)
   defining Unicode char U+037A (decimal 890)
   defining Unicode char U+037E (decimal 894)
   defining Unicode char U+0384 (decimal 900)
   defining Unicode char U+0385 (decimal 901)
   defining Unicode char U+0386 (decimal 902)
   defining Unicode char U+0387 (decimal 903)
   defining Unicode char U+0388 (decimal 904)
   defining Unicode char U+0389 (decimal 905)
   defining Unicode char U+038A (decimal 906)
   defining Unicode char U+038C (decimal 908)
   defining Unicode char U+038E (decimal 910)
   defining Unicode char U+038F (decimal 911)
   defining Unicode char U+0390 (decimal 912)
   defining Unicode char U+0391 (decimal 913)
   defining Unicode char U+0392 (decimal 914)
   defining Unicode char U+0393 (decimal 915)
   defining Unicode char U+0394 (decimal 916)
   defining Unicode char U+0395 (decimal 917)
   defining Unicode char U+0396 (decimal 918)
   defining Unicode char U+0397 (decimal 919)
   defining Unicode char U+0398 (decimal 920)
   defining Unicode char U+0399 (decimal 921)
   defining Unicode char U+039A (decimal 922)
   defining Unicode char U+039B (decimal 923)
   defining Unicode char U+039C (decimal 924)
   defining Unicode char U+039D (decimal 925)
   defining Unicode char U+039E (decimal 926)
   defining Unicode char U+039F (decimal 927)
   defining Unicode char U+03A0 (decimal 928)
   defining Unicode char U+03A1 (decimal 929)
   defining Unicode char U+03A3 (decimal 931)
   defining Unicode char U+03A4 (decimal 932)
   defining Unicode char U+03A5 (decimal 933)
   defining Unicode char U+03A6 (decimal 934)
   defining Unicode char U+03A7 (decimal 935)
   defining Unicode char U+03A8 (decimal 936)
   defining Unicode char U+03A9 (decimal 937)
   defining Unicode char U+03AA (decimal 938)
   defining Unicode char U+03AB (decimal 939)
   defining Unicode char U+03AC (decimal 940)
   defining Unicode char U+03AD (decimal 941)
   defining Unicode char U+03AE (decimal 942)
   defining Unicode char U+03AF (decimal 943)
   defining Unicode char U+03B0 (decimal 944)
   defining Unicode char U+03B1 (decimal 945)
   defining Unicode char U+03B2 (decimal 946)
   defining Unicode char U+03B3 (decimal 947)
   defining Unicode char U+03B4 (decimal 948)
   defining Unicode char U+03B5 (decimal 949)
   defining Unicode char U+03B6 (decimal 950)
   defining Unicode char U+03B7 (decimal 951)
   defining Unicode char U+03B8 (decimal 952)
   defining Unicode char U+03B9 (decimal 953)
   defining Unicode char U+03BA (decimal 954)
   defining Unicode char U+03BB (decimal 955)
   defining Unicode char U+03BC (decimal 956)
   defining Unicode char U+03BD (decimal 957)
   defining Unicode char U+03BE (decimal 958)
   defining Unicode char U+03BF (decimal 959)
   defining Unicode char U+03C0 (decimal 960)
   defining Unicode char U+03C1 (decimal 961)
   defining Unicode char U+03C2 (decimal 962)
   defining Unicode char U+03C3 (decimal 963)
   defining Unicode char U+03C4 (decimal 964)
   defining Unicode char U+03C5 (decimal 965)
   defining Unicode char U+03C6 (decimal 966)
   defining Unicode char U+03C7 (decimal 967)
   defining Unicode char U+03C8 (decimal 968)
   defining Unicode char U+03C9 (decimal 969)
   defining Unicode char U+03CA (decimal 970)
   defining Unicode char U+03CB (decimal 971)
   defining Unicode char U+03CC (decimal 972)
   defining Unicode char U+03CD (decimal 973)
   defining Unicode char U+03CE (decimal 974)
   defining Unicode char U+03D0 (decimal 976)
   defining Unicode char U+03D1 (decimal 977)
   defining Unicode char U+03D5 (decimal 981)
   defining Unicode char U+03D6 (decimal 982)
   defining Unicode char U+03D8 (decimal 984)
   defining Unicode char U+03D9 (decimal 985)
   defining Unicode char U+03DA (decimal 986)
   defining Unicode char U+03DB (decimal 987)
   defining Unicode char U+03DC (decimal 988)
   defining Unicode char U+03DD (decimal 989)
   defining Unicode char U+03DE (decimal 990)
   defining Unicode char U+03DF (decimal 991)
   defining Unicode char U+03E0 (decimal 992)
   defining Unicode char U+03E1 (decimal 993)
   defining Unicode char U+03F0 (decimal 1008)
   defining Unicode char U+03F1 (decimal 1009)
   defining Unicode char U+03F4 (decimal 1012)
   defining Unicode char U+03F5 (decimal 1013)
   defining Unicode char U+1F00 (decimal 7936)
   defining Unicode char U+1F01 (decimal 7937)
   defining Unicode char U+1F02 (decimal 7938)
   defining Unicode char U+1F03 (decimal 7939)
   defining Unicode char U+1F04 (decimal 7940)
   defining Unicode char U+1F05 (decimal 7941)
   defining Unicode char U+1F06 (decimal 7942)
   defining Unicode char U+1F07 (decimal 7943)
   defining Unicode char U+1F08 (decimal 7944)
   defining Unicode char U+1F09 (decimal 7945)
   defining Unicode char U+1F0A (decimal 7946)
   defining Unicode char U+1F0B (decimal 7947)
   defining Unicode char U+1F0C (decimal 7948)
   defining Unicode char U+1F0D (decimal 7949)
   defining Unicode char U+1F0E (decimal 7950)
   defining Unicode char U+1F0F (decimal 7951)
   defining Unicode char U+1F10 (decimal 7952)
   defining Unicode char U+1F11 (decimal 7953)
   defining Unicode char U+1F12 (decimal 7954)
   defining Unicode char U+1F13 (decimal 7955)
   defining Unicode char U+1F14 (decimal 7956)
   defining Unicode char U+1F15 (decimal 7957)
   defining Unicode char U+1F18 (decimal 7960)
   defining Unicode char U+1F19 (decimal 7961)
   defining Unicode char U+1F1A (decimal 7962)
   defining Unicode char U+1F1B (decimal 7963)
   defining Unicode char U+1F1C (decimal 7964)
   defining Unicode char U+1F1D (decimal 7965)
   defining Unicode char U+1F20 (decimal 7968)
   defining Unicode char U+1F21 (decimal 7969)
   defining Unicode char U+1F22 (decimal 7970)
   defining Unicode char U+1F23 (decimal 7971)
   defining Unicode char U+1F24 (decimal 7972)
   defining Unicode char U+1F25 (decimal 7973)
   defining Unicode char U+1F26 (decimal 7974)
   defining Unicode char U+1F27 (decimal 7975)
   defining Unicode char U+1F28 (decimal 7976)
   defining Unicode char U+1F29 (decimal 7977)
   defining Unicode char U+1F2A (decimal 7978)
   defining Unicode char U+1F2B (decimal 7979)
   defining Unicode char U+1F2C (decimal 7980)
   defining Unicode char U+1F2D (decimal 7981)
   defining Unicode char U+1F2E (decimal 7982)
   defining Unicode char U+1F2F (decimal 7983)
   defining Unicode char U+1F30 (decimal 7984)
   defining Unicode char U+1F31 (decimal 7985)
   defining Unicode char U+1F32 (decimal 7986)
   defining Unicode char U+1F33 (decimal 7987)
   defining Unicode char U+1F34 (decimal 7988)
   defining Unicode char U+1F35 (decimal 7989)
   defining Unicode char U+1F36 (decimal 7990)
   defining Unicode char U+1F37 (decimal 7991)
   defining Unicode char U+1F38 (decimal 7992)
   defining Unicode char U+1F39 (decimal 7993)
   defining Unicode char U+1F3A (decimal 7994)
   defining Unicode char U+1F3B (decimal 7995)
   defining Unicode char U+1F3C (decimal 7996)
   defining Unicode char U+1F3D (decimal 7997)
   defining Unicode char U+1F3E (decimal 7998)
   defining Unicode char U+1F3F (decimal 7999)
   defining Unicode char U+1F40 (decimal 8000)
   defining Unicode char U+1F41 (decimal 8001)
   defining Unicode char U+1F42 (decimal 8002)
   defining Unicode char U+1F43 (decimal 8003)
   defining Unicode char U+1F44 (decimal 8004)
   defining Unicode char U+1F45 (decimal 8005)
   defining Unicode char U+1F48 (decimal 8008)
   defining Unicode char U+1F49 (decimal 8009)
   defining Unicode char U+1F4A (decimal 8010)
   defining Unicode char U+1F4B (decimal 8011)
   defining Unicode char U+1F4C (decimal 8012)
   defining Unicode char U+1F4D (decimal 8013)
   defining Unicode char U+1F50 (decimal 8016)
   defining Unicode char U+1F51 (decimal 8017)
   defining Unicode char U+1F52 (decimal 8018)
   defining Unicode char U+1F53 (decimal 8019)
   defining Unicode char U+1F54 (decimal 8020)
   defining Unicode char U+1F55 (decimal 8021)
   defining Unicode char U+1F56 (decimal 8022)
   defining Unicode char U+1F57 (decimal 8023)
   defining Unicode char U+1F59 (decimal 8025)
   defining Unicode char U+1F5B (decimal 8027)
   defining Unicode char U+1F5D (decimal 8029)
   defining Unicode char U+1F5F (decimal 8031)
   defining Unicode char U+1F60 (decimal 8032)
   defining Unicode char U+1F61 (decimal 8033)
   defining Unicode char U+1F62 (decimal 8034)
   defining Unicode char U+1F63 (decimal 8035)
   defining Unicode char U+1F64 (decimal 8036)
   defining Unicode char U+1F65 (decimal 8037)
   defining Unicode char U+1F66 (decimal 8038)
   defining Unicode char U+1F67 (decimal 8039)
   defining Unicode char U+1F68 (decimal 8040)
   defining Unicode char U+1F69 (decimal 8041)
   defining Unicode char U+1F6A (decimal 8042)
   defining Unicode char U+1F6B (decimal 8043)
   defining Unicode char U+1F6C (decimal 8044)
   defining Unicode char U+1F6D (decimal 8045)
   defining Unicode char U+1F6E (decimal 8046)
   defining Unicode char U+1F6F (decimal 8047)
   defining Unicode char U+1F70 (decimal 8048)
   defining Unicode char U+1F71 (decimal 8049)
   defining Unicode char U+1F72 (decimal 8050)
   defining Unicode char U+1F73 (decimal 8051)
   defining Unicode char U+1F74 (decimal 8052)
   defining Unicode char U+1F75 (decimal 8053)
   defining Unicode char U+1F76 (decimal 8054)
   defining Unicode char U+1F77 (decimal 8055)
   defining Unicode char U+1F78 (decimal 8056)
   defining Unicode char U+1F79 (decimal 8057)
   defining Unicode char U+1F7A (decimal 8058)
   defining Unicode char U+1F7B (decimal 8059)
   defining Unicode char U+1F7C (decimal 8060)
   defining Unicode char U+1F7D (decimal 8061)
   defining Unicode char U+1F80 (decimal 8064)
   defining Unicode char U+1F81 (decimal 8065)
   defining Unicode char U+1F82 (decimal 8066)
   defining Unicode char U+1F83 (decimal 8067)
   defining Unicode char U+1F84 (decimal 8068)
   defining Unicode char U+1F85 (decimal 8069)
   defining Unicode char U+1F86 (decimal 8070)
   defining Unicode char U+1F87 (decimal 8071)
   defining Unicode char U+1F88 (decimal 8072)
   defining Unicode char U+1F89 (decimal 8073)
   defining Unicode char U+1F8A (decimal 8074)
   defining Unicode char U+1F8B (decimal 8075)
   defining Unicode char U+1F8C (decimal 8076)
   defining Unicode char U+1F8D (decimal 8077)
   defining Unicode char U+1F8E (decimal 8078)
   defining Unicode char U+1F8F (decimal 8079)
   defining Unicode char U+1F90 (decimal 8080)
   defining Unicode char U+1F91 (decimal 8081)
   defining Unicode char U+1F92 (decimal 8082)
   defining Unicode char U+1F93 (decimal 8083)
   defining Unicode char U+1F94 (decimal 8084)
   defining Unicode char U+1F95 (decimal 8085)
   defining Unicode char U+1F96 (decimal 8086)
   defining Unicode char U+1F97 (decimal 8087)
   defining Unicode char U+1F98 (decimal 8088)
   defining Unicode char U+1F99 (decimal 8089)
   defining Unicode char U+1F9A (decimal 8090)
   defining Unicode char U+1F9B (decimal 8091)
   defining Unicode char U+1F9C (decimal 8092)
   defining Unicode char U+1F9D (decimal 8093)
   defining Unicode char U+1F9E (decimal 8094)
   defining Unicode char U+1F9F (decimal 8095)
   defining Unicode char U+1FA0 (decimal 8096)
   defining Unicode char U+1FA1 (decimal 8097)
   defining Unicode char U+1FA2 (decimal 8098)
   defining Unicode char U+1FA3 (decimal 8099)
   defining Unicode char U+1FA4 (decimal 8100)
   defining Unicode char U+1FA5 (decimal 8101)
   defining Unicode char U+1FA6 (decimal 8102)
   defining Unicode char U+1FA7 (decimal 8103)
   defining Unicode char U+1FA8 (decimal 8104)
   defining Unicode char U+1FA9 (decimal 8105)
   defining Unicode char U+1FAA (decimal 8106)
   defining Unicode char U+1FAB (decimal 8107)
   defining Unicode char U+1FAC (decimal 8108)
   defining Unicode char U+1FAD (decimal 8109)
   defining Unicode char U+1FAE (decimal 8110)
   defining Unicode char U+1FAF (decimal 8111)
   defining Unicode char U+1FB0 (decimal 8112)
   defining Unicode char U+1FB1 (decimal 8113)
   defining Unicode char U+1FB2 (decimal 8114)
   defining Unicode char U+1FB3 (decimal 8115)
   defining Unicode char U+1FB4 (decimal 8116)
   defining Unicode char U+1FB6 (decimal 8118)
   defining Unicode char U+1FB7 (decimal 8119)
   defining Unicode char U+1FB8 (decimal 8120)
   defining Unicode char U+1FB9 (decimal 8121)
   defining Unicode char U+1FBA (decimal 8122)
   defining Unicode char U+1FBB (decimal 8123)
   defining Unicode char U+1FBC (decimal 8124)
   defining Unicode char U+1FBD (decimal 8125)
   defining Unicode char U+1FBE (decimal 8126)
   defining Unicode char U+1FBF (decimal 8127)
   defining Unicode char U+1FC0 (decimal 8128)
   defining Unicode char U+1FC1 (decimal 8129)
   defining Unicode char U+1FC2 (decimal 8130)
   defining Unicode char U+1FC3 (decimal 8131)
   defining Unicode char U+1FC4 (decimal 8132)
   defining Unicode char U+1FC6 (decimal 8134)
   defining Unicode char U+1FC7 (decimal 8135)
   defining Unicode char U+1FC8 (decimal 8136)
   defining Unicode char U+1FC9 (decimal 8137)
   defining Unicode char U+1FCA (decimal 8138)
   defining Unicode char U+1FCB (decimal 8139)
   defining Unicode char U+1FCC (decimal 8140)
   defining Unicode char U+1FCD (decimal 8141)
   defining Unicode char U+1FCE (decimal 8142)
   defining Unicode char U+1FCF (decimal 8143)
   defining Unicode char U+1FD0 (decimal 8144)
   defining Unicode char U+1FD1 (decimal 8145)
   defining Unicode char U+1FD2 (decimal 8146)
   defining Unicode char U+1FD3 (decimal 8147)
   defining Unicode char U+1FD6 (decimal 8150)
   defining Unicode char U+1FD7 (decimal 8151)
   defining Unicode char U+1FD8 (decimal 8152)
   defining Unicode char U+1FD9 (decimal 8153)
   defining Unicode char U+1FDA (decimal 8154)
   defining Unicode char U+1FDB (decimal 8155)
   defining Unicode char U+1FDD (decimal 8157)
   defining Unicode char U+1FDE (decimal 8158)
   defining Unicode char U+1FDF (decimal 8159)
   defining Unicode char U+1FE0 (decimal 8160)
   defining Unicode char U+1FE1 (decimal 8161)
   defining Unicode char U+1FE2 (decimal 8162)
   defining Unicode char U+1FE3 (decimal 8163)
   defining Unicode char U+1FE4 (decimal 8164)
   defining Unicode char U+1FE5 (decimal 8165)
   defining Unicode char U+1FE6 (decimal 8166)
   defining Unicode char U+1FE7 (decimal 8167)
   defining Unicode char U+1FE8 (decimal 8168)
   defining Unicode char U+1FE9 (decimal 8169)
   defining Unicode char U+1FEA (decimal 8170)
   defining Unicode char U+1FEB (decimal 8171)
   defining Unicode char U+1FEC (decimal 8172)
   defining Unicode char U+1FED (decimal 8173)
   defining Unicode char U+1FEE (decimal 8174)
   defining Unicode char U+1FEF (decimal 8175)
   defining Unicode char U+1FF2 (decimal 8178)
   defining Unicode char U+1FF3 (decimal 8179)
   defining Unicode char U+1FF4 (decimal 8180)
   defining Unicode char U+1FF6 (decimal 8182)
   defining Unicode char U+1FF7 (decimal 8183)
   defining Unicode char U+1FF8 (decimal 8184)
   defining Unicode char U+1FF9 (decimal 8185)
   defining Unicode char U+1FFA (decimal 8186)
   defining Unicode char U+1FFB (decimal 8187)
   defining Unicode char U+1FFC (decimal 8188)
   defining Unicode char U+1FFD (decimal 8189)
   defining Unicode char U+1FFE (decimal 8190)
   defining Unicode char U+2013 (decimal 8211)
   defining Unicode char U+2014 (decimal 8212)
   defining Unicode char U+2018 (decimal 8216)
   defining Unicode char U+2019 (decimal 8217)
   defining Unicode char U+201A (decimal 8218)
   defining Unicode char U+2030 (decimal 8240)
   defining Unicode char U+2039 (decimal 8249)
   defining Unicode char U+203A (decimal 8250)
   defining Unicode char U+20AC (decimal 8364)
   defining Unicode char U+2126 (decimal 8486)
   defining Unicode char U+10144 (decimal 65860)
   defining Unicode char U+10145 (decimal 65861)
   defining Unicode char U+10146 (decimal 65862)
   defining Unicode char U+10147 (decimal 65863)
)
(C:\Users\user\AppData\Local\Programs\MiKTeX\tex/latex/greek-fontenc\greek-font
enc.def
File: greek-fontenc.def 2023-09-12 2.5 Common Greek font encoding definitions
)))
(C:\Users\user\AppData\Local\Programs\MiKTeX\tex/latex/babel-english\english.ld
f
Language: english 2017/06/06 v3.3r English support from the babel system
Package babel Info: Hyphen rules for 'canadian' set to \l@english
(babel)             (\language0). Reported on input line 102.
Package babel Info: Hyphen rules for 'australian' set to \l@ukenglish
(babel)             (\language73). Reported on input line 105.
Package babel Info: Hyphen rules for 'newzealand' set to \l@ukenglish
(babel)             (\language73). Reported on input line 108.
))
(C:\Users\user\AppData\Local\Programs\MiKTeX\tex/generic/babel/locale/en\babel-
english.tex
Package babel Info: Importing font and identification data for english
(babel)             from babel-en.ini. Reported on input line 11.
)
(C:\Users\user\AppData\Local\Programs\MiKTeX\tex/generic/babel/locale/el\babel-
greek.tex
Package babel Info: Importing font and identification data for greek
(babel)             from babel-el.ini. Reported on input line 11.
)
(C:\Users\user\AppData\Local\Programs\MiKTeX\tex/latex/greek-fontenc\alphabeta.
sty
Package: alphabeta 2023-11-16 2.6 macros for Greek letters in text and math

(C:\Users\user\AppData\Local\Programs\MiKTeX\tex/latex/greek-fontenc\textalpha.
sty
Package: textalpha 2023-09-12 2.5 macros for Greek letters in text
   defining Unicode char U+00B5 (decimal 181)
))
(C:\Users\user\AppData\Local\Programs\MiKTeX\tex/latex/libertine\libertine.sty
Package: libertine 2023/11/26 (Bob Tennent) Supports Libertine and Biolinum fon
ts for all LaTeX engines.

(C:\Users\user\AppData\Local\Programs\MiKTeX\tex/generic/iftex\ifxetex.sty
Package: ifxetex 2019/10/25 v0.7 ifxetex legacy package. Use iftex instead.

(C:\Users\user\AppData\Local\Programs\MiKTeX\tex/generic/iftex\iftex.sty
Package: iftex 2022/02/03 v1.0f TeX engine tests
))
(C:\Users\user\AppData\Local\Programs\MiKTeX\tex/generic/iftex\ifluatex.sty
Package: ifluatex 2019/10/25 v1.5 ifluatex legacy package. Use iftex instead.
)
(C:\Users\user\AppData\Local\Programs\MiKTeX\tex/latex/xkeyval\xkeyval.sty
Package: xkeyval 2022/06/16 v2.9 package option processing (HA)

(C:\Users\user\AppData\Local\Programs\MiKTeX\tex/generic/xkeyval\xkeyval.tex
(C:\Users\user\AppData\Local\Programs\MiKTeX\tex/generic/xkeyval\xkvutils.tex
\XKV@toks=\toks20
\XKV@tempa@toks=\toks21
)
\XKV@depth=\count266
File: xkeyval.tex 2014/12/03 v2.7a key=value parser (HA)
)) (C:\Users\user\AppData\Local\Programs\MiKTeX\tex/latex/base\textcomp.sty
Package: textcomp 2020/02/02 v2.0n Standard LaTeX package
)
(C:\Users\user\AppData\Local\Programs\MiKTeX\tex/latex/base\fontenc.sty
Package: fontenc 2021/04/29 v2.0v Standard LaTeX package
)
(C:\Users\user\AppData\Local\Programs\MiKTeX\tex/latex/fontaxes\fontaxes.sty
Package: fontaxes 2020/07/21 v1.0e Font selection axes
LaTeX Info: Redefining \upshape on input line 29.
LaTeX Info: Redefining \itshape on input line 31.
LaTeX Info: Redefining \slshape on input line 33.
LaTeX Info: Redefining \swshape on input line 35.
LaTeX Info: Redefining \scshape on input line 37.
LaTeX Info: Redefining \sscshape on input line 39.
LaTeX Info: Redefining \ulcshape on input line 41.
LaTeX Info: Redefining \textsw on input line 47.
LaTeX Info: Redefining \textssc on input line 48.
LaTeX Info: Redefining \textulc on input line 49.
)
LaTeX Info: Redefining \oldstylenums on input line 485.

(C:\Users\user\AppData\Local\Programs\MiKTeX\tex/latex/libertine\LinLibertine_I
.tex))
(C:\Users\user\AppData\Local\Programs\MiKTeX\tex/latex/hyperref\hyperref.sty
Package: hyperref 2023-11-26 v7.01g Hypertext links for LaTeX

(C:\Users\user\AppData\Local\Programs\MiKTeX\tex/generic/infwarerr\infwarerr.st
y
Package: infwarerr 2019/12/03 v1.5 Providing info/warning/error messages (HO)
)
(C:\Users\user\AppData\Local\Programs\MiKTeX\tex/latex/kvsetkeys\kvsetkeys.sty
Package: kvsetkeys 2022-10-05 v1.19 Key value parser (HO)
)
(C:\Users\user\AppData\Local\Programs\MiKTeX\tex/generic/kvdefinekeys\kvdefinek
eys.sty
Package: kvdefinekeys 2019-12-19 v1.6 Define keys (HO)
)
(C:\Users\user\AppData\Local\Programs\MiKTeX\tex/generic/pdfescape\pdfescape.st
y
Package: pdfescape 2019/12/09 v1.15 Implements pdfTeX's escape features (HO)
 (C:\Users\user\AppData\Local\Programs\MiKTeX\tex/generic/ltxcmds\ltxcmds.sty
Package: ltxcmds 2023-12-04 v1.26 LaTeX kernel commands for general use (HO)
)
(C:\Users\user\AppData\Local\Programs\MiKTeX\tex/generic/pdftexcmds\pdftexcmds.
sty
Package: pdftexcmds 2020-06-27 v0.33 Utility functions of pdfTeX for LuaTeX (HO
)
Package pdftexcmds Info: \pdf@primitive is available.
Package pdftexcmds Info: \pdf@ifprimitive is available.
Package pdftexcmds Info: \pdfdraftmode found.
))
(C:\Users\user\AppData\Local\Programs\MiKTeX\tex/latex/hycolor\hycolor.sty
Package: hycolor 2020-01-27 v1.10 Color options for hyperref/bookmark (HO)
)
(C:\Users\user\AppData\Local\Programs\MiKTeX\tex/latex/letltxmacro\letltxmacro.
sty
Package: letltxmacro 2019/12/03 v1.6 Let assignment for LaTeX macros (HO)
) (C:\Users\user\AppData\Local\Programs\MiKTeX\tex/latex/auxhook\auxhook.sty
Package: auxhook 2019-12-17 v1.6 Hooks for auxiliary files (HO)
) (C:\Users\user\AppData\Local\Programs\MiKTeX\tex/latex/hyperref\nameref.sty
Package: nameref 2023-11-26 v2.56 Cross-referencing by name of section

(C:\Users\user\AppData\Local\Programs\MiKTeX\tex/latex/refcount\refcount.sty
Package: refcount 2019/12/15 v3.6 Data extraction from label references (HO)
)
(C:\Users\user\AppData\Local\Programs\MiKTeX\tex/generic/gettitlestring\gettitl
estring.sty
Package: gettitlestring 2019/12/15 v1.6 Cleanup title references (HO)

(C:\Users\user\AppData\Local\Programs\MiKTeX\tex/latex/kvoptions\kvoptions.sty
Package: kvoptions 2022-06-15 v3.15 Key value format for package options (HO)
))
\c@section@level=\count267
) (C:\Users\user\AppData\Local\Programs\MiKTeX\tex/latex/etoolbox\etoolbox.sty
Package: etoolbox 2020/10/05 v2.5k e-TeX tools for LaTeX (JAW)
\etb@tempcnta=\count268
)
\@linkdim=\dimen144
\Hy@linkcounter=\count269
\Hy@pagecounter=\count270
 (C:\Users\user\AppData\Local\Programs\MiKTeX\tex/latex/hyperref\pd1enc.def
File: pd1enc.def 2023-11-26 v7.01g Hyperref: PDFDocEncoding definition (HO)
Now handling font encoding PD1 ...
... no UTF-8 mapping file for font encoding PD1
)
(C:\Users\user\AppData\Local\Programs\MiKTeX\tex/generic/intcalc\intcalc.sty
Package: intcalc 2019/12/15 v1.3 Expandable calculations with integers (HO)
)
\Hy@SavedSpaceFactor=\count271

(C:\Users\user\AppData\Local\Programs\MiKTeX\tex/latex/hyperref\puenc.def
File: puenc.def 2023-11-26 v7.01g Hyperref: PDF Unicode definition (HO)
Now handling font encoding PU ...
... no UTF-8 mapping file for font encoding PU

(C:\Users\user\AppData\Local\Programs\MiKTeX\tex/latex/greek-fontenc\puenc-gree
k.def
File: puenc-greek.def 2023-09-12 2.5 Greek LICRs for PDF strings

(C:\Users\user\AppData\Local\Programs\MiKTeX\tex/latex/greek-fontenc\greek-font
enc.def
File: greek-fontenc.def 2023-09-12 2.5 Common Greek font encoding definitions
)))
Package hyperref Info: Hyper figures OFF on input line 4181.
Package hyperref Info: Link nesting OFF on input line 4186.
Package hyperref Info: Hyper index ON on input line 4189.
Package hyperref Info: Plain pages OFF on input line 4196.
Package hyperref Info: Backreferencing OFF on input line 4201.
Package hyperref Info: Implicit mode ON; LaTeX internals redefined.
Package hyperref Info: Bookmarks ON on input line 4448.
\c@Hy@tempcnt=\count272
 (C:\Users\user\AppData\Local\Programs\MiKTeX\tex/latex/url\url.sty
\Urlmuskip=\muskip16
Package: url 2013/09/16  ver 3.4  Verb mode for urls, etc.
)
LaTeX Info: Redefining \url on input line 4786.
\XeTeXLinkMargin=\dimen145

(C:\Users\user\AppData\Local\Programs\MiKTeX\tex/generic/bitset\bitset.sty
Package: bitset 2019/12/09 v1.3 Handle bit-vector datatype (HO)

(C:\Users\user\AppData\Local\Programs\MiKTeX\tex/generic/bigintcalc\bigintcalc.
sty
Package: bigintcalc 2019/12/15 v1.5 Expandable calculations on big integers (HO
)
))
\Fld@menulength=\count273
\Field@Width=\dimen146
\Fld@charsize=\dimen147
Package hyperref Info: Hyper figures OFF on input line 6065.
Package hyperref Info: Link nesting OFF on input line 6070.
Package hyperref Info: Hyper index ON on input line 6073.
Package hyperref Info: backreferencing OFF on input line 6080.
Package hyperref Info: Link coloring OFF on input line 6085.
Package hyperref Info: Link coloring with OCG OFF on input line 6090.
Package hyperref Info: PDF/A mode OFF on input line 6095.

(C:\Users\user\AppData\Local\Programs\MiKTeX\tex/latex/base\atbegshi-ltx.sty
Package: atbegshi-ltx 2021/01/10 v1.0c Emulation of the original atbegshi
package with kernel methods
)
\Hy@abspage=\count274
\c@Item=\count275
\c@Hfootnote=\count276
)
Package hyperref Info: Driver (autodetected): hpdftex.

(C:\Users\user\AppData\Local\Programs\MiKTeX\tex/latex/hyperref\hpdftex.def
File: hpdftex.def 2023-11-26 v7.01g Hyperref driver for pdfTeX

(C:\Users\user\AppData\Local\Programs\MiKTeX\tex/latex/base\atveryend-ltx.sty
Package: atveryend-ltx 2020/08/19 v1.0a Emulation of the original atveryend pac
kage
with kernel methods
)
\Fld@listcount=\count277
\c@bookmark@seq@number=\count278

(C:\Users\user\AppData\Local\Programs\MiKTeX\tex/latex/rerunfilecheck\rerunfile
check.sty
Package: rerunfilecheck 2022-07-10 v1.10 Rerun checks for auxiliary files (HO)

(C:\Users\user\AppData\Local\Programs\MiKTeX\tex/generic/uniquecounter\uniqueco
unter.sty
Package: uniquecounter 2019/12/15 v1.4 Provide unlimited unique counter (HO)
)
Package uniquecounter Info: New unique counter `rerunfilecheck' on input line 2
85.
)
\Hy@SectionHShift=\skip50
)
(C:\Users\user\AppData\Local\Programs\MiKTeX\tex/latex/geometry\geometry.sty
Package: geometry 2020/01/02 v5.9 Page Geometry

(C:\Users\user\AppData\Local\Programs\MiKTeX\tex/generic/iftex\ifvtex.sty
Package: ifvtex 2019/10/25 v1.7 ifvtex legacy package. Use iftex instead.
)
\Gm@cnth=\count279
\Gm@cntv=\count280
\c@Gm@tempcnt=\count281
\Gm@bindingoffset=\dimen148
\Gm@wd@mp=\dimen149
\Gm@odd@mp=\dimen150
\Gm@even@mp=\dimen151
\Gm@layoutwidth=\dimen152
\Gm@layoutheight=\dimen153
\Gm@layouthoffset=\dimen154
\Gm@layoutvoffset=\dimen155
\Gm@dimlist=\toks22

(C:\Users\user\AppData\Local\Programs\MiKTeX\tex/latex/geometry\geometry.cfg))
(C:\Users\user\AppData\Local\Programs\MiKTeX\tex/latex/xcolor\xcolor.sty
Package: xcolor 2023/11/15 v3.01 LaTeX color extensions (UK)

(C:\Users\user\AppData\Local\Programs\MiKTeX\tex/latex/graphics-cfg\color.cfg
File: color.cfg 2016/01/02 v1.6 sample color configuration
)
Package xcolor Info: Driver file: pdftex.def on input line 274.

(C:\Users\user\AppData\Local\Programs\MiKTeX\tex/latex/graphics\mathcolor.ltx)
Package xcolor Info: Model `cmy' substituted by `cmy0' on input line 1350.
Package xcolor Info: Model `hsb' substituted by `rgb' on input line 1354.
Package xcolor Info: Model `RGB' extended on input line 1366.
Package xcolor Info: Model `HTML' substituted by `rgb' on input line 1368.
Package xcolor Info: Model `Hsb' substituted by `hsb' on input line 1369.
Package xcolor Info: Model `tHsb' substituted by `hsb' on input line 1370.
Package xcolor Info: Model `HSB' substituted by `hsb' on input line 1371.
Package xcolor Info: Model `Gray' substituted by `gray' on input line 1372.
Package xcolor Info: Model `wave' substituted by `hsb' on input line 1373.
) (C:\Users\user\AppData\Local\Programs\MiKTeX\tex/latex/setspace\setspace.sty
Package: setspace 2022/12/04 v6.7b set line spacing
)
(C:\Users\user\AppData\Local\Programs\MiKTeX\tex/latex/titlesec\titlesec.sty
Package: titlesec 2023/10/27 v2.16 Sectioning titles
\ttl@box=\box51
\beforetitleunit=\skip51
\aftertitleunit=\skip52
\ttl@plus=\dimen156
\ttl@minus=\dimen157
\ttl@toksa=\toks23
\titlewidth=\dimen158
\titlewidthlast=\dimen159
\titlewidthfirst=\dimen160
)
(C:\Users\user\AppData\Local\Programs\MiKTeX\tex/latex/titlesec\titletoc.sty
Package: titletoc 2023/10/27 v2.16 TOC entries
\ttl@leftsep=\dimen161
)
(C:\Users\user\AppData\Local\Programs\MiKTeX\tex/latex/caption\caption.sty
Package: caption 2023/08/05 v3.6o Customizing captions (AR)

(C:\Users\user\AppData\Local\Programs\MiKTeX\tex/latex/caption\caption3.sty
Package: caption3 2023/07/31 v2.4d caption3 kernel (AR)
\caption@tempdima=\dimen162
\captionmargin=\dimen163
\caption@leftmargin=\dimen164
\caption@rightmargin=\dimen165
\caption@width=\dimen166
\caption@indent=\dimen167
\caption@parindent=\dimen168
\caption@hangindent=\dimen169
Package caption Info: Standard document class detected.
)
\c@caption@flags=\count282
\c@continuedfloat=\count283
Package caption Info: hyperref package is loaded.
)
(C:\Users\user\AppData\Local\Programs\MiKTeX\tex/latex/wrapfig\wrapfig.sty
\wrapoverhang=\dimen170
\WF@size=\dimen171
\c@WF@wrappedlines=\count284
\WF@box=\box52
\WF@everypar=\toks24
Package: wrapfig 2003/01/31  v 3.6
)
(C:\Users\user\AppData\Local\Programs\MiKTeX\tex/latex/adjustbox\adjustbox.sty
Package: adjustbox 2022/10/17 v1.3a Adjusting TeX boxes (trim, clip, ...)

(C:\Users\user\AppData\Local\Programs\MiKTeX\tex/latex/adjustbox\adjcalc.sty
Package: adjcalc 2012/05/16 v1.1 Provides advanced setlength with multiple back
-ends (calc, etex, pgfmath)
)
(C:\Users\user\AppData\Local\Programs\MiKTeX\tex/latex/adjustbox\trimclip.sty
Package: trimclip 2020/08/19 v1.2 Trim and clip general TeX material

(C:\Users\user\AppData\Local\Programs\MiKTeX\tex/latex/collectbox\collectbox.st
y
Package: collectbox 2022/10/17 v0.4c Collect macro arguments as boxes
\collectedbox=\box53
)
\tc@llx=\dimen172
\tc@lly=\dimen173
\tc@urx=\dimen174
\tc@ury=\dimen175
Package trimclip Info: Using driver 'tc-pdftex.def'.

(C:\Users\user\AppData\Local\Programs\MiKTeX\tex/latex/adjustbox\tc-pdftex.def
File: tc-pdftex.def 2019/01/04 v2.2 Clipping driver for pdftex
))
\adjbox@Width=\dimen176
\adjbox@Height=\dimen177
\adjbox@Depth=\dimen178
\adjbox@Totalheight=\dimen179
\adjbox@pwidth=\dimen180
\adjbox@pheight=\dimen181
\adjbox@pdepth=\dimen182
\adjbox@ptotalheight=\dimen183

(C:\Users\user\AppData\Local\Programs\MiKTeX\tex/latex/ifoddpage\ifoddpage.sty
Package: ifoddpage 2022/10/18 v1.2 Conditionals for odd/even page detection
\c@checkoddpage=\count285
) (C:\Users\user\AppData\Local\Programs\MiKTeX\tex/latex/varwidth\varwidth.sty
Package: varwidth 2009/03/30 ver 0.92;  Variable-width minipages
\@vwid@box=\box54
\sift@deathcycles=\count286
\@vwid@loff=\dimen184
\@vwid@roff=\dimen185
)) (C:\Users\user\AppData\Local\Programs\MiKTeX\tex/latex/amsmath\amsmath.sty
Package: amsmath 2023/05/13 v2.17o AMS math features
\@mathmargin=\skip53

For additional information on amsmath, use the `?' option.
(C:\Users\user\AppData\Local\Programs\MiKTeX\tex/latex/amsmath\amstext.sty
Package: amstext 2021/08/26 v2.01 AMS text

(C:\Users\user\AppData\Local\Programs\MiKTeX\tex/latex/amsmath\amsgen.sty
File: amsgen.sty 1999/11/30 v2.0 generic functions
\@emptytoks=\toks25
\ex@=\dimen186
))
(C:\Users\user\AppData\Local\Programs\MiKTeX\tex/latex/amsmath\amsbsy.sty
Package: amsbsy 1999/11/29 v1.2d Bold Symbols
\pmbraise@=\dimen187
)
(C:\Users\user\AppData\Local\Programs\MiKTeX\tex/latex/amsmath\amsopn.sty
Package: amsopn 2022/04/08 v2.04 operator names
)
\inf@bad=\count287
LaTeX Info: Redefining \frac on input line 234.
\uproot@=\count288
\leftroot@=\count289
LaTeX Info: Redefining \overline on input line 399.
LaTeX Info: Redefining \colon on input line 410.
\classnum@=\count290
\DOTSCASE@=\count291
LaTeX Info: Redefining \ldots on input line 496.
LaTeX Info: Redefining \dots on input line 499.
LaTeX Info: Redefining \cdots on input line 620.
\Mathstrutbox@=\box55
\strutbox@=\box56
LaTeX Info: Redefining \big on input line 722.
LaTeX Info: Redefining \Big on input line 723.
LaTeX Info: Redefining \bigg on input line 724.
LaTeX Info: Redefining \Bigg on input line 725.
\big@size=\dimen188
LaTeX Font Info:    Redeclaring font encoding OML on input line 743.
LaTeX Font Info:    Redeclaring font encoding OMS on input line 744.
\macc@depth=\count292
LaTeX Info: Redefining \bmod on input line 905.
LaTeX Info: Redefining \pmod on input line 910.
LaTeX Info: Redefining \smash on input line 940.
LaTeX Info: Redefining \relbar on input line 970.
LaTeX Info: Redefining \Relbar on input line 971.
\c@MaxMatrixCols=\count293
\dotsspace@=\muskip17
\c@parentequation=\count294
\dspbrk@lvl=\count295
\tag@help=\toks26
\row@=\count296
\column@=\count297
\maxfields@=\count298
\andhelp@=\toks27
\eqnshift@=\dimen189
\alignsep@=\dimen190
\tagshift@=\dimen191
\tagwidth@=\dimen192
\totwidth@=\dimen193
\lineht@=\dimen194
\@envbody=\toks28
\multlinegap=\skip54
\multlinetaggap=\skip55
\mathdisplay@stack=\toks29
LaTeX Info: Redefining \[ on input line 2953.
LaTeX Info: Redefining \] on input line 2954.
)
Package hyperref Info: Option `colorlinks' set `true' on input line 45.
LaTeX Font Info:    Trying to load font information for OT1+LinuxLibertineT-TLF
 on input line 50.

(C:\Users\user\AppData\Local\Programs\MiKTeX\tex/latex/libertine\ot1linuxlibert
inet-tlf.fd
File: OT1LinuxLibertineT-TLF.fd 2017/03/20 (autoinst) Font definitions for OT1/
LinuxLibertineT-TLF.
)
LaTeX Font Info:    Font shape `OT1/LinuxLibertineT-TLF/m/n' will be
(Font)              scaled to size 12.0pt on input line 50.

(C:\Users\user\AppData\Local\Programs\MiKTeX\tex/latex/l3backend\l3backend-pdft
ex.def
File: l3backend-pdftex.def 2024-01-04 L3 backend support: PDF output (pdfTeX)
\l__color_backend_stack_int=\count299
\l__pdf_internal_box=\box57
) (document.aux)
\openout1 = `document.aux'.

LaTeX Font Info:    Checking defaults for OML/cmm/m/it on input line 50.
LaTeX Font Info:    ... okay on input line 50.
LaTeX Font Info:    Checking defaults for OMS/cmsy/m/n on input line 50.
LaTeX Font Info:    ... okay on input line 50.
LaTeX Font Info:    Checking defaults for OT1/cmr/m/n on input line 50.
LaTeX Font Info:    ... okay on input line 50.
LaTeX Font Info:    Checking defaults for T1/cmr/m/n on input line 50.
LaTeX Font Info:    ... okay on input line 50.
LaTeX Font Info:    Checking defaults for TS1/cmr/m/n on input line 50.
LaTeX Font Info:    ... okay on input line 50.
LaTeX Font Info:    Checking defaults for OMX/cmex/m/n on input line 50.
LaTeX Font Info:    ... okay on input line 50.
LaTeX Font Info:    Checking defaults for U/cmr/m/n on input line 50.
LaTeX Font Info:    ... okay on input line 50.
LaTeX Font Info:    Checking defaults for LGR/cmr/m/n on input line 50.
LaTeX Font Info:    Trying to load font information for LGR+cmr on input line 5
0.

(C:\Users\user\AppData\Local\Programs\MiKTeX\tex/latex/cbfonts-fd\lgrcmr.fd
File: lgrcmr.fd 2017/07/29 v1.2 Greek European Computer Regular
)
LaTeX Font Info:    ... okay on input line 50.
LaTeX Font Info:    Checking defaults for PD1/pdf/m/n on input line 50.
LaTeX Font Info:    ... okay on input line 50.
LaTeX Font Info:    Checking defaults for PU/pdf/m/n on input line 50.
LaTeX Font Info:    ... okay on input line 50.

(C:\Users\user\AppData\Local\Programs\MiKTeX\tex/context/base/mkii\supp-pdf.mki
i
[Loading MPS to PDF converter (version 2006.09.02).]
\scratchcounter=\count300
\scratchdimen=\dimen195
\scratchbox=\box58
\nofMPsegments=\count301
\nofMParguments=\count302
\everyMPshowfont=\toks30
\MPscratchCnt=\count303
\MPscratchDim=\dimen196
\MPnumerator=\count304
\makeMPintoPDFobject=\count305
\everyMPtoPDFconversion=\toks31
)
(C:\Users\user\AppData\Local\Programs\MiKTeX\tex/latex/epstopdf-pkg\epstopdf-ba
se.sty
Package: epstopdf-base 2020-01-24 v2.11 Base part for package epstopdf
 (C:\Users\user\AppData\Local\Programs\MiKTeX\tex/latex/grfext\grfext.sty
Package: grfext 2019/12/03 v1.3 Manage graphics extensions (HO)
)
Package epstopdf-base Info: Redefining graphics rule for `.eps' on input line 4
85.
Package grfext Info: Graphics extension search list:
(grfext)             [.pdf,.png,.jpg,.mps,.jpeg,.jbig2,.jb2,.PDF,.PNG,.JPG,.JPE
G,.JBIG2,.JB2,.eps]
(grfext)             \AppendGraphicsExtensions on input line 504.

(C:\Users\user\AppData\Local\Programs\MiKTeX\tex/latex/00miktex\epstopdf-sys.cf
g
File: epstopdf-sys.cfg 2021/03/18 v2.0 Configuration of epstopdf for MiKTeX
))
LaTeX Info: Redefining \Upsilon on input line 50.
LaTeX Info: Redefining \Omega on input line 50.
LaTeX Info: Redefining \alpha on input line 50.
LaTeX Info: Redefining \epsilon on input line 50.
LaTeX Info: Redefining \eta on input line 50.
LaTeX Info: Redefining \iota on input line 50.
LaTeX Info: Redefining \rho on input line 50.
LaTeX Info: Redefining \upsilon on input line 50.
LaTeX Info: Redefining \omega on input line 50.
   defining Unicode char U+0393 (decimal 915)
   defining Unicode char U+0394 (decimal 916)
   defining Unicode char U+0398 (decimal 920)
   defining Unicode char U+039B (decimal 923)
   defining Unicode char U+039E (decimal 926)
   defining Unicode char U+03A0 (decimal 928)
   defining Unicode char U+03A3 (decimal 931)
   defining Unicode char U+03A5 (decimal 933)
   defining Unicode char U+03A6 (decimal 934)
   defining Unicode char U+03A8 (decimal 936)
   defining Unicode char U+03A9 (decimal 937)
   defining Unicode char U+03B1 (decimal 945)
   defining Unicode char U+03B2 (decimal 946)
   defining Unicode char U+03B3 (decimal 947)
   defining Unicode char U+03B4 (decimal 948)
   defining Unicode char U+03B5 (decimal 949)
   defining Unicode char U+03B6 (decimal 950)
   defining Unicode char U+03B7 (decimal 951)
   defining Unicode char U+03B8 (decimal 952)
   defining Unicode char U+03B9 (decimal 953)
   defining Unicode char U+03BA (decimal 954)
   defining Unicode char U+03BB (decimal 955)
   defining Unicode char U+03BC (decimal 956)
   defining Unicode char U+03BD (decimal 957)
   defining Unicode char U+03BE (decimal 958)
   defining Unicode char U+03C0 (decimal 960)
   defining Unicode char U+03C1 (decimal 961)
   defining Unicode char U+03C2 (decimal 962)
   defining Unicode char U+03C3 (decimal 963)
   defining Unicode char U+03C4 (decimal 964)
   defining Unicode char U+03C5 (decimal 965)
   defining Unicode char U+03C6 (decimal 966)
   defining Unicode char U+03C7 (decimal 967)
   defining Unicode char U+03C8 (decimal 968)
   defining Unicode char U+03C9 (decimal 969)
   defining Unicode char U+03D1 (decimal 977)
   defining Unicode char U+03D5 (decimal 981)
   defining Unicode char U+03D6 (decimal 982)
   defining Unicode char U+03DD (decimal 989)
   defining Unicode char U+03F1 (decimal 1009)
   defining Unicode char U+03F5 (decimal 1013)
\c@mv@tabular=\count306
\c@mv@boldtabular=\count307
Package hyperref Info: Link coloring ON on input line 50.
 (document.out) (document.out)
\@outlinefile=\write3
\openout3 = `document.out'.


*geometry* driver: auto-detecting
*geometry* detected driver: pdftex
*geometry* verbose mode - [ preamble ] result:
* driver: pdftex
* paper: <default>
* layout: <same size as paper>
* layoutoffset:(h,v)=(0.0pt,0.0pt)
* modes: 
* h-part:(L,W,R)=(36.135pt, 542.02501pt, 36.135pt)
* v-part:(T,H,B)=(43.36243pt, 708.24513pt, 43.36243pt)
* \paperwidth=614.295pt
* \paperheight=794.96999pt
* \textwidth=542.02501pt
* \textheight=708.24513pt
* \oddsidemargin=-36.135pt
* \evensidemargin=-36.135pt
* \topmargin=-65.90756pt
* \headheight=12.0pt
* \headsep=25.0pt
* \topskip=12.0pt
* \footskip=30.0pt
* \marginparwidth=44.0pt
* \marginparsep=10.0pt
* \columnsep=10.0pt
* \skip\footins=10.8pt plus 4.0pt minus 2.0pt
* \hoffset=0.0pt
* \voffset=0.0pt
* \mag=1000
* \@twocolumnfalse
* \@twosidefalse
* \@mparswitchfalse
* \@reversemarginfalse
* (1in=72.27pt=25.4mm, 1cm=28.453pt)

Package caption Info: Begin \AtBeginDocument code.
Package caption Info: wrapfig package is loaded.
Package caption Info: End \AtBeginDocument code.
<photos-files/aueb_logo.jpg, id=123, 502.87875pt x 268.00125pt>
File: photos-files/aueb_logo.jpg Graphic file (type jpg)
<use photos-files/aueb_logo.jpg>
Package pdftex.def Info: photos-files/aueb_logo.jpg  used on input line 54.
(pdftex.def)             Requested size: 271.0125pt x 144.43225pt.
LaTeX Font Info:    Font shape `OT1/LinuxLibertineT-TLF/m/n' will be
(Font)              scaled to size 24.88pt on input line 56.
LaTeX Font Info:    Font shape `OT1/LinuxLibertineT-TLF/b/n' will be
(Font)              scaled to size 24.88pt on input line 56.
LaTeX Font Info:    Font shape `OT1/LinuxLibertineT-TLF/m/n' will be
(Font)              scaled to size 17.28pt on input line 58.
LaTeX Font Info:    Font shape `OT1/LinuxLibertineT-TLF/b/n' will be
(Font)              scaled to size 17.28pt on input line 58.
[1

{C:/Users/user/AppData/Local/MiKTeX/fonts/map/pdftex/pdftex.map}{C:/Users/user/
AppData/Local/Programs/MiKTeX/fonts/enc/dvips/libertine/lbtn_lyu3x3.enc}{C:/Use
rs/user/AppData/Local/Programs/MiKTeX/fonts/enc/dvips/libertine/lbtn_oexx6f.enc
} <./photos-files/aueb_logo.jpg>]
LaTeX Font Info:    Trying to load font information for LGR+LinuxLibertineT-TLF
 on input line 64.

(C:\Users\user\AppData\Local\Programs\MiKTeX\tex/latex/libertinegc\lgrlinuxlibe
rtinet-tlf.fd
File: LGRLinuxLibertineT-TLF.fd 2016/02/13 (msharpe) scaled font definitions fo
r Libertine LGR
)
LaTeX Font Info:    Font shape `LGR/LinuxLibertineT-TLF/b/n' will be
(Font)              scaled to size 17.28pt on input line 64.
 (document.toc
LaTeX Font Info:    Font shape `LGR/LinuxLibertineT-TLF/m/n' will be
(Font)              scaled to size 12.0pt on input line 2.

pdfTeX warning (ext4): destination with the same identifier (name{page.1}) has 
been already used, duplicate ignored
<to be read again> 
                   \relax 
l.30 ...{\numberline {13}PageRank}{48}{section.13}
                                                  % [1{C:/Users/user/AppData/Lo
cal/Programs/MiKTeX/fonts/enc/dvips/libertinegc/libtlf-lgr.enc}])
\tf@toc=\write4
\openout4 = `document.toc'.

 [2] [3]
<photos-files/section3/first_painting.jpg, id=191, 606.01407pt x 536.0025pt>
File: photos-files/section3/first_painting.jpg Graphic file (type jpg)
<use photos-files/section3/first_painting.jpg>
Package pdftex.def Info: photos-files/section3/first_painting.jpg  used on inpu
t line 80.
(pdftex.def)             Requested size: 379.41585pt x 335.5896pt.

[4 <./photos-files/section3/first_painting.jpg>]
<photos-files/section3/second_painting.jpg, id=196, 912.40875pt x 639.89063pt>
File: photos-files/section3/second_painting.jpg Graphic file (type jpg)
<use photos-files/section3/second_painting.jpg>
Package pdftex.def Info: photos-files/section3/second_painting.jpg  used on inp
ut line 86.
(pdftex.def)             Requested size: 433.62166pt x 304.10742pt.
 [5 <./photos-files/section3/second_painting.jpg>]
<photos-files/section3/third_painting.jpg, id=201, 673.01437pt x 645.16031pt>
File: photos-files/section3/third_painting.jpg Graphic file (type jpg)
<use photos-files/section3/third_painting.jpg>
Package pdftex.def Info: photos-files/section3/third_painting.jpg  used on inpu
t line 93.
(pdftex.def)             Requested size: 433.62166pt x 415.67729pt.
 [6 <./photos-files/section3/third_painting.jpg>]
LaTeX Font Info:    Trying to load font information for TS1+LinuxLibertineT-TLF
 on input line 102.

(C:\Users\user\AppData\Local\Programs\MiKTeX\tex/latex/libertine\ts1linuxlibert
inet-tlf.fd
File: TS1LinuxLibertineT-TLF.fd 2017/03/20 (autoinst) Font definitions for TS1/
LinuxLibertineT-TLF.
)
LaTeX Font Info:    Font shape `TS1/LinuxLibertineT-TLF/m/n' will be
(Font)              scaled to size 12.0pt on input line 102.
LaTeX Font Info:    Font shape `OT1/LinuxLibertineT-TLF/b/n' will be
(Font)              scaled to size 12.0pt on input line 102.
LaTeX Font Info:    Font shape `LGR/LinuxLibertineT-TLF/b/n' will be
(Font)              scaled to size 12.0pt on input line 102.
<photos-files/section4/ate.JPG, id=207, 338.76563pt x 118.19156pt>
File: photos-files/section4/ate.JPG Graphic file (type jpg)
<use photos-files/section4/ate.JPG>
Package pdftex.def Info: photos-files/section4/ate.JPG  used on input line 106.

(pdftex.def)             Requested size: 433.62166pt x 151.29189pt.
<photos-files/section4/graph_distance_report.JPG, id=208, 221.32687pt x 151.315
3pt>
File: photos-files/section4/graph_distance_report.JPG Graphic file (type jpg)
<use photos-files/section4/graph_distance_report.JPG>
Package pdftex.def Info: photos-files/section4/graph_distance_report.JPG  used 
on input line 113.
(pdftex.def)             Requested size: 216.80669pt x 148.23256pt.
 [7{C:/Users/user/AppData/Local/Programs/MiKTeX/fonts/enc/dvips/libertine/lbtn_
naooyc.enc} <./photos-files/section4/ate.JPG> <./photos-files/section4/graph_di
stance_report.JPG>]
Overfull \hbox (6.53285pt too wide) in paragraph at lines 122--123
[]\LGR/LinuxLibertineT-TLF/m/n/12 AnaforÐka me ton ar-i-jmì twn \OT1/LinuxLiber
tineT-TLF/b/n/12 strongly con-nected com-po-nents\OT1/LinuxLibertineT-TLF/m/n/1
2 , \LGR/LinuxLibertineT-TLF/m/n/12 autì pou prèpei na doÔme sthn perÐptwsh
 []

<photos-files/section5/connected_components_report.JPG, id=214, 288.3272pt x 19
6.48407pt>
File: photos-files/section5/connected_components_report.JPG Graphic file (type 
jpg)
<use photos-files/section5/connected_components_report.JPG>
Package pdftex.def Info: photos-files/section5/connected_components_report.JPG 
 used on input line 125.
(pdftex.def)             Requested size: 216.80669pt x 147.75243pt.
<photos-files/section5/section5_photo1.JPG, id=215, 671.50874pt x 630.85687pt>
File: photos-files/section5/section5_photo1.JPG Graphic file (type jpg)
<use photos-files/section5/section5_photo1.JPG>
Package pdftex.def Info: photos-files/section5/section5_photo1.JPG  used on inp
ut line 130.
(pdftex.def)             Requested size: 433.62166pt x 407.36642pt.
[8 <./photos-files/section5/connected_components_report.JPG>] [9 <./photos-file
s/section5/section5_photo1.JPG>]
LaTeX Font Info:    Font shape `OT1/LinuxLibertineT-TLF/m/n' will be
(Font)              scaled to size 14.4pt on input line 139.
LaTeX Font Info:    Font shape `OT1/LinuxLibertineT-TLF/b/n' will be
(Font)              scaled to size 14.4pt on input line 139.
<photos-files/section6/maximum_degree.JPG, id=224, 148.30406pt x 161.10187pt>
File: photos-files/section6/maximum_degree.JPG Graphic file (type jpg)
<use photos-files/section6/maximum_degree.JPG>
Package pdftex.def Info: photos-files/section6/maximum_degree.JPG  used on inpu
t line 142.
(pdftex.def)             Requested size: 162.60915pt x 176.6472pt.
<photos-files/section6/average_degree.JPG, id=225, 136.25906pt x 113.67468pt>
File: photos-files/section6/average_degree.JPG Graphic file (type jpg)
<use photos-files/section6/average_degree.JPG>
Package pdftex.def Info: photos-files/section6/average_degree.JPG  used on inpu
t line 148.
(pdftex.def)             Requested size: 108.40334pt x 90.4351pt.
 [10 <./photos-files/section6/maximum_degree.JPG> <./photos-files/section6/aver
age_degree.JPG>]
<photos-files/section6/in-degree1.JPG, id=230, 203.25937pt x 522.45187pt>
File: photos-files/section6/in-degree1.JPG Graphic file (type jpg)
<use photos-files/section6/in-degree1.JPG>
Package pdftex.def Info: photos-files/section6/in-degree1.JPG  used on input li
ne 158.
(pdftex.def)             Requested size: 184.28651pt x 473.70203pt.
<photos-files/section6/in-degree2.JPG, id=231, 207.02344pt x 461.47406pt>
File: photos-files/section6/in-degree2.JPG Graphic file (type jpg)
<use photos-files/section6/in-degree2.JPG>
Package pdftex.def Info: photos-files/section6/in-degree2.JPG  used on input li
ne 162.
(pdftex.def)             Requested size: 184.28651pt x 410.80214pt.
 [11 <./photos-files/section6/in-degree1.JPG> <./photos-files/section6/in-degre
e2.JPG>]
<photos-files/section6/in-degree_graphical.JPG, id=236, 440.39531pt x 298.11375
pt>
File: photos-files/section6/in-degree_graphical.JPG Graphic file (type jpg)
<use photos-files/section6/in-degree_graphical.JPG>
Package pdftex.def Info: photos-files/section6/in-degree_graphical.JPG  used on
 input line 168.
(pdftex.def)             Requested size: 379.41585pt x 256.8459pt.
<photos-files/section6/in-degree_RE-layout.JPG, id=237, 551.05875pt x 628.59843
pt>
File: photos-files/section6/in-degree_RE-layout.JPG Graphic file (type jpg)
<use photos-files/section6/in-degree_RE-layout.JPG>
Package pdftex.def Info: photos-files/section6/in-degree_RE-layout.JPG  used on
 input line 172.
(pdftex.def)             Requested size: 325.2183pt x 370.99455pt.
 [12 <./photos-files/section6/in-degree_graphical.JPG> <./photos-files/section6
/in-degree_RE-layout.JPG>]
<photos-files/section6/out-degree1.JPG, id=243, 216.81pt x 522.45187pt>
File: photos-files/section6/out-degree1.JPG Graphic file (type jpg)
<use photos-files/section6/out-degree1.JPG>
Package pdftex.def Info: photos-files/section6/out-degree1.JPG  used on input l
ine 180.
(pdftex.def)             Requested size: 184.28651pt x 444.10213pt.
<photos-files/section6/out-degree2.JPG, id=244, 218.31563pt x 527.72156pt>
File: photos-files/section6/out-degree2.JPG Graphic file (type jpg)
<use photos-files/section6/out-degree2.JPG>
Package pdftex.def Info: photos-files/section6/out-degree2.JPG  used on input l
ine 184.
(pdftex.def)             Requested size: 184.28651pt x 445.46529pt.
 [13 <./photos-files/section6/out-degree1.JPG> <./photos-files/section6/out-deg
ree2.JPG>]
<photos-files/section6/out-degree_graphical.JPG, id=249, 438.13687pt x 298.8665
6pt>
File: photos-files/section6/out-degree_graphical.JPG Graphic file (type jpg)
<use photos-files/section6/out-degree_graphical.JPG>
Package pdftex.def Info: photos-files/section6/out-degree_graphical.JPG  used o
n input line 190.
(pdftex.def)             Requested size: 379.41585pt x 258.81699pt.
<photos-files/section6/out-degree_RE-layout.JPG, id=250, 557.08125pt x 632.3625
pt>
File: photos-files/section6/out-degree_RE-layout.JPG Graphic file (type jpg)
<use photos-files/section6/out-degree_RE-layout.JPG>
Package pdftex.def Info: photos-files/section6/out-degree_RE-layout.JPG  used o
n input line 194.
(pdftex.def)             Requested size: 325.2183pt x 369.17313pt.

Overfull \hbox (1.36676pt too wide) in paragraph at lines 196--197
\LGR/LinuxLibertineT-TLF/m/n/12 Me ton an-tÐs-toiqo trìpo pou doulèyame gia to 
\OT1/LinuxLibertineT-TLF/m/n/12 In-Degree \LGR/LinuxLibertineT-TLF/m/n/12 pro-h
goumènwc\OT1/LinuxLibertineT-TLF/m/n/12 , \LGR/LinuxLibertineT-TLF/m/n/12 doulè
yame kai t¸ra\OT1/LinuxLibertineT-TLF/m/n/12 . \LGR/LinuxLibertineT-TLF/m/n/12 
'Opwc parath\OT1/LinuxLibertineT-TLF/m/n/12 -
 []

[14 <./photos-files/section6/out-degree_graphical.JPG> <./photos-files/section6
/out-degree_RE-layout.JPG>] [15]
<photos-files/section6/total-degree1.JPG, id=259, 188.95593pt x 520.19344pt>
File: photos-files/section6/total-degree1.JPG Graphic file (type jpg)
<use photos-files/section6/total-degree1.JPG>
Package pdftex.def Info: photos-files/section6/total-degree1.JPG  used on input
 line 203.
(pdftex.def)             Requested size: 184.28651pt x 507.34132pt.
<photos-files/section6/total-degree2.JPG, id=260, 191.21437pt x 531.48563pt>
File: photos-files/section6/total-degree2.JPG Graphic file (type jpg)
<use photos-files/section6/total-degree2.JPG>
Package pdftex.def Info: photos-files/section6/total-degree2.JPG  used on input
 line 207.
(pdftex.def)             Requested size: 184.28651pt x 512.25597pt.
 [16 <./photos-files/section6/total-degree1.JPG> <./photos-files/section6/total
-degree2.JPG>]
<photos-files/section6/total-degree_graphical.JPG, id=265, 441.14813pt x 297.36
093pt>
File: photos-files/section6/total-degree_graphical.JPG Graphic file (type jpg)
<use photos-files/section6/total-degree_graphical.JPG>
Package pdftex.def Info: photos-files/section6/total-degree_graphical.JPG  used
 on input line 213.
(pdftex.def)             Requested size: 379.41585pt x 255.7617pt.
<photos-files/section6/total-degree_RE-layout.png, id=266, 475.7775pt x 633.868
12pt>
File: photos-files/section6/total-degree_RE-layout.png Graphic file (type png)
<use photos-files/section6/total-degree_RE-layout.png>
Package pdftex.def Info: photos-files/section6/total-degree_RE-layout.png  used
 on input line 217.
(pdftex.def)             Requested size: 271.0125pt x 361.07646pt.
 [17 <./photos-files/section6/total-degree_graphical.JPG> <./photos-files/secti
on6/total-degree_RE-layout.png>]
[18]
<photos-files/section7/betweenness_centrality1.JPG, id=278, 241.65282pt x 523.9
575pt>
File: photos-files/section7/betweenness_centrality1.JPG Graphic file (type jpg)

<use photos-files/section7/betweenness_centrality1.JPG>
Package pdftex.def Info: photos-files/section7/betweenness_centrality1.JPG  use
d on input line 244.
(pdftex.def)             Requested size: 216.80669pt x 470.10231pt.
<photos-files/section7/betweenness_centrality2.JPG, id=279, 240.14719pt x 529.2
2719pt>
File: photos-files/section7/betweenness_centrality2.JPG Graphic file (type jpg)

<use photos-files/section7/betweenness_centrality2.JPG>
Package pdftex.def Info: photos-files/section7/betweenness_centrality2.JPG  use
d on input line 248.
(pdftex.def)             Requested size: 216.80669pt x 477.80208pt.
 [19] [20 <./photos-files/section7/betweenness_centrality1.JPG> <./photos-files
/section7/betweenness_centrality2.JPG>]
<photos-files/section7/closeness_centrality_example.JPG, id=294, 428.35031pt x 
231.86626pt>
File: photos-files/section7/closeness_centrality_example.JPG Graphic file (type
 jpg)
<use photos-files/section7/closeness_centrality_example.JPG>
Package pdftex.def Info: photos-files/section7/closeness_centrality_example.JPG
  used on input line 261.
(pdftex.def)             Requested size: 271.0125pt x 146.69919pt.
<photos-files/section7/array_of_example.JPG, id=295, 501.37312pt x 173.14688pt>

File: photos-files/section7/array_of_example.JPG Graphic file (type jpg)
<use photos-files/section7/array_of_example.JPG>
Package pdftex.def Info: photos-files/section7/array_of_example.JPG  used on in
put line 265.
(pdftex.def)             Requested size: 379.41585pt x 131.03552pt.
 [21 <./photos-files/section7/closeness_centrality_example.JPG> <./photos-files
/section7/array_of_example.JPG>]
<photos-files/section7/closeness_centrality1.JPG, id=300, 237.13594pt x 523.204
68pt>
File: photos-files/section7/closeness_centrality1.JPG Graphic file (type jpg)
<use photos-files/section7/closeness_centrality1.JPG>
Package pdftex.def Info: photos-files/section7/closeness_centrality1.JPG  used 
on input line 276.
(pdftex.def)             Requested size: 216.80669pt x 478.36833pt.
<photos-files/section7/closeness_centrality2.JPG, id=301, 235.63031pt x 517.182
19pt>
File: photos-files/section7/closeness_centrality2.JPG Graphic file (type jpg)
<use photos-files/section7/closeness_centrality2.JPG>
Package pdftex.def Info: photos-files/section7/closeness_centrality2.JPG  used 
on input line 280.
(pdftex.def)             Requested size: 216.80669pt x 475.86862pt.

[22 <./photos-files/section7/closeness_centrality1.JPG> <./photos-files/section
7/closeness_centrality2.JPG>]
<photos-files/section7/bar_chart_for_7.3.JPG, id=306, 415.5525pt x 337.26pt>
File: photos-files/section7/bar_chart_for_7.3.JPG Graphic file (type jpg)
<use photos-files/section7/bar_chart_for_7.3.JPG>
Package pdftex.def Info: photos-files/section7/bar_chart_for_7.3.JPG  used on i
nput line 289.
(pdftex.def)             Requested size: 379.41585pt x 307.9466pt.
 [23 <./photos-files/section7/bar_chart_for_7.3.JPG>]
<photos-files/section7/eigenvector_entrality_example.JPG, id=311, 545.03625pt x
 446.41782pt>
File: photos-files/section7/eigenvector_entrality_example.JPG Graphic file (typ
e jpg)
<use photos-files/section7/eigenvector_entrality_example.JPG>
Package pdftex.def Info: photos-files/section7/eigenvector_entrality_example.JP
G  used on input line 301.
(pdftex.def)             Requested size: 216.80669pt x 177.57625pt.
<photos-files/section7/eigenvector_entrality_examplev2.JPG, id=312, 622.57594pt
 x 420.82219pt>
File: photos-files/section7/eigenvector_entrality_examplev2.JPG Graphic file (t
ype jpg)
<use photos-files/section7/eigenvector_entrality_examplev2.JPG>
Package pdftex.def Info: photos-files/section7/eigenvector_entrality_examplev2.
JPG  used on input line 305.
(pdftex.def)             Requested size: 271.0125pt x 183.18459pt.
 [24 <./photos-files/section7/eigenvector_entrality_example.JPG> <./photos-file
s/section7/eigenvector_entrality_examplev2.JPG>]
<photos-files/section7/eigenvector_centrality1.JPG, id=318, 240.14719pt x 520.9
4624pt>
File: photos-files/section7/eigenvector_centrality1.JPG Graphic file (type jpg)

<use photos-files/section7/eigenvector_centrality1.JPG>
Package pdftex.def Info: photos-files/section7/eigenvector_centrality1.JPG  use
d on input line 315.
(pdftex.def)             Requested size: 216.80669pt x 470.3258pt.
<photos-files/section7/eigenvector_centrality2.JPG, id=319, 236.38312pt x 529.9
8pt>
File: photos-files/section7/eigenvector_centrality2.JPG Graphic file (type jpg)

<use photos-files/section7/eigenvector_centrality2.JPG>
Package pdftex.def Info: photos-files/section7/eigenvector_centrality2.JPG  use
d on input line 319.
(pdftex.def)             Requested size: 216.80669pt x 486.09952pt.
 [25 <./photos-files/section7/eigenvector_centrality1.JPG> <./photos-files/sect
ion7/eigenvector_centrality2.JPG>] [26]
<photos-files/section8/average_clustering_coefficient.JPG, id=328, 155.07938pt 
x 41.4047pt>
File: photos-files/section8/average_clustering_coefficient.JPG Graphic file (ty
pe jpg)
<use photos-files/section8/average_clustering_coefficient.JPG>
Package pdftex.def Info: photos-files/section8/average_clustering_coefficient.J
PG  used on input line 336.
(pdftex.def)             Requested size: 216.80669pt x 57.88527pt.
 [27 <./photos-files/section8/average_clustering_coefficient.JPG>]
<photos-files/section8/number_of_triangles.JPG, id=333, 152.82094pt x 106.14656
pt>
File: photos-files/section8/number_of_triangles.JPG Graphic file (type jpg)
<use photos-files/section8/number_of_triangles.JPG>
Package pdftex.def Info: photos-files/section8/number_of_triangles.JPG  used on
 input line 343.
(pdftex.def)             Requested size: 216.80669pt x 150.59636pt.

Overfull \hbox (6.64226pt too wide) in paragraph at lines 345--346
\LGR/LinuxLibertineT-TLF/m/n/12 Apo to stig-miì-tupo pou p rame apo to \OT1/Lin
uxLibertineT-TLF/m/n/12 Gephi \LGR/LinuxLibertineT-TLF/m/n/12 blèpoume ar-qik 
thn Ôparxh \OT1/LinuxLibertineT-TLF/b/n/12 63 Tri-an-gles\OT1/LinuxLibertineT-T
LF/m/n/12 . \LGR/LinuxLibertineT-TLF/m/n/12 EpÐshc\OT1/LinuxLibertineT-TLF/m/n/
12 , \LGR/LinuxLibertineT-TLF/m/n/12 parathroÔme
 []

[28 <./photos-files/section8/number_of_triangles.JPG>]
<photos-files/section8/num_of_triangles_1.JPG, id=338, 268.75406pt x 533.74406p
t>
File: photos-files/section8/num_of_triangles_1.JPG Graphic file (type jpg)
<use photos-files/section8/num_of_triangles_1.JPG>
Package pdftex.def Info: photos-files/section8/num_of_triangles_1.JPG  used on 
input line 350.
(pdftex.def)             Requested size: 216.80669pt x 430.5793pt.
<photos-files/section8/num_of_triangles_2.JPG, id=339, 274.02374pt x 517.18219p
t>
File: photos-files/section8/num_of_triangles_2.JPG Graphic file (type jpg)
<use photos-files/section8/num_of_triangles_2.JPG>
Package pdftex.def Info: photos-files/section8/num_of_triangles_2.JPG  used on 
input line 354.
(pdftex.def)             Requested size: 216.80669pt x 409.20078pt.
 [29 <./photos-files/section8/num_of_triangles_1.JPG> <./photos-files/section8/
num_of_triangles_2.JPG>]
<photos-files/section8/distribution.JPG, id=344, 440.39531pt x 296.60812pt>
File: photos-files/section8/distribution.JPG Graphic file (type jpg)
<use photos-files/section8/distribution.JPG>
Package pdftex.def Info: photos-files/section8/distribution.JPG  used on input 
line 362.
(pdftex.def)             Requested size: 379.41585pt x 255.54869pt.
<photos-files/section8/distr_values1.JPG, id=345, 240.14719pt x 522.45187pt>
File: photos-files/section8/distr_values1.JPG Graphic file (type jpg)
<use photos-files/section8/distr_values1.JPG>
Package pdftex.def Info: photos-files/section8/distr_values1.JPG  used on input
 line 368.
(pdftex.def)             Requested size: 216.80669pt x 471.68512pt.
<photos-files/section8/distr_values2.JPG, id=346, 237.88875pt x 530.73282pt>
File: photos-files/section8/distr_values2.JPG Graphic file (type jpg)
<use photos-files/section8/distr_values2.JPG>
Package pdftex.def Info: photos-files/section8/distr_values2.JPG  used on input
 line 372.
(pdftex.def)             Requested size: 216.80669pt x 483.72076pt.

[30 <./photos-files/section8/distribution.JPG>] [31 <./photos-files/section8/di
str_values1.JPG> <./photos-files/section8/distr_values2.JPG>]
<photos-files/section8/mikro.png, id=356, 606.76688pt x 496.85625pt>
File: photos-files/section8/mikro.png Graphic file (type png)
<use photos-files/section8/mikro.png>
Package pdftex.def Info: photos-files/section8/mikro.png  used on input line 38
0.
(pdftex.def)             Requested size: 325.2183pt x 266.31204pt.
<photos-files/section8/meseo.png, id=357, 609.77812pt x 493.845pt>
File: photos-files/section8/meseo.png Graphic file (type png)
<use photos-files/section8/meseo.png>
Package pdftex.def Info: photos-files/section8/meseo.png  used on input line 38
5.
(pdftex.def)             Requested size: 325.2183pt x 263.3944pt.
 [32 <./photos-files/section8/mikro.png> <./photos-files/section8/meseo.png>]
<photos-files/section8/megalo.png, id=364, 609.77812pt x 519.44063pt>
File: photos-files/section8/megalo.png Graphic file (type png)
<use photos-files/section8/megalo.png>
Package pdftex.def Info: photos-files/section8/megalo.png  used on input line 3
90.
(pdftex.def)             Requested size: 325.2183pt x 277.04594pt.
 [33 <./photos-files/section8/megalo.png>]
<photos-files/section8/8.4_with_2_edges.JPG, id=370, 615.0478pt x 265.74281pt>
File: photos-files/section8/8.4_with_2_edges.JPG Graphic file (type jpg)
<use photos-files/section8/8.4_with_2_edges.JPG>
Package pdftex.def Info: photos-files/section8/8.4_with_2_edges.JPG  used on in
put line 398.
(pdftex.def)             Requested size: 379.41585pt x 163.93568pt.
 [34 <./photos-files/section8/8.4_with_2_edges.JPG>]
<photos-files/section8/8.4_with_3_edges.JPG, id=375, 612.78937pt x 264.99pt>
File: photos-files/section8/8.4_with_3_edges.JPG Graphic file (type jpg)
<use photos-files/section8/8.4_with_3_edges.JPG>
Package pdftex.def Info: photos-files/section8/8.4_with_3_edges.JPG  used on in
put line 407.
(pdftex.def)             Requested size: 379.41585pt x 164.0697pt.

[35 <./photos-files/section8/8.4_with_3_edges.JPG>]
<photos-files/section9/bridge_example.jpg, id=380, 533.74406pt x 188.95593pt>
File: photos-files/section9/bridge_example.jpg Graphic file (type jpg)
<use photos-files/section9/bridge_example.jpg>
Package pdftex.def Info: photos-files/section9/bridge_example.jpg  used on inpu
t line 417.
(pdftex.def)             Requested size: 325.2183pt x 115.13608pt.
<photos-files/section9/local_bridge_example.jpg, id=381, 563.10374pt x 395.2265
6pt>
File: photos-files/section9/local_bridge_example.jpg Graphic file (type jpg)
<use photos-files/section9/local_bridge_example.jpg>
Package pdftex.def Info: photos-files/section9/local_bridge_example.jpg  used o
n input line 422.
(pdftex.def)             Requested size: 325.2183pt x 228.26062pt.
 [36 <./photos-files/section9/bridge_example.jpg> <./photos-files/section9/loca
l_bridge_example.jpg>]
<photos-files/section9/BridgingCentralityDistribution.png, id=387, 602.25pt x 4
01.5pt>
File: photos-files/section9/BridgingCentralityDistribution.png Graphic file (ty
pe png)
<use photos-files/section9/BridgingCentralityDistribution.png>
Package pdftex.def Info: photos-files/section9/BridgingCentralityDistribution.p
ng  used on input line 430.
(pdftex.def)             Requested size: 379.41585pt x 252.95245pt.

[37 <./photos-files/section9/BridgingCentralityDistribution.png>]
<photos-files/section10/comm.jpg, id=393, 292.84406pt x 269.50688pt>
File: photos-files/section10/comm.jpg Graphic file (type jpg)
<use photos-files/section10/comm.jpg>
Package pdftex.def Info: photos-files/section10/comm.jpg  used on input line 44
2.
(pdftex.def)             Requested size: 271.0125pt x 249.43799pt.
 [38 <./photos-files/section10/comm.jpg>]
Overfull \hbox (29.08392pt too wide) in paragraph at lines 447--448
[]\LGR/LinuxLibertineT-TLF/m/n/12 'Allo èna pardeigma tè-toiou eÐ-douc\OT1/Lin
uxLibertineT-TLF/m/n/12 , \LGR/LinuxLibertineT-TLF/m/n/12 eÐ-nai me ta kanlia 
\OT1/LinuxLibertineT-TLF/m/n/12 Sam-sung Switzer-land, Sam-sung Deutsch-land(\L
GR/LinuxLibertineT-TLF/m/n/12 Ger\TS1/LinuxLibertineT-TLF/m/n/12 µ\LGR/LinuxLib
ertineT-TLF/m/n/12 anÐa\OT1/LinuxLibertineT-TLF/m/n/12 )
 []

<photos-files/section10/comm2.jpg, id=399, 244.66406pt x 225.09094pt>
File: photos-files/section10/comm2.jpg Graphic file (type jpg)
<use photos-files/section10/comm2.jpg>
Package pdftex.def Info: photos-files/section10/comm2.jpg  used on input line 4
49.
(pdftex.def)             Requested size: 271.0125pt x 249.3387pt.
[39 <./photos-files/section10/comm2.jpg>]
<photos-files/section11/density.JPG, id=404, 158.84344pt x 143.03438pt>
File: photos-files/section11/density.JPG Graphic file (type jpg)
<use photos-files/section11/density.JPG>
Package pdftex.def Info: photos-files/section11/density.JPG  used on input line
 459.
(pdftex.def)             Requested size: 162.60915pt x 146.43875pt.
<photos-files/section11/our_sparse_graph.JPG, id=405, 676.77844pt x 633.86812pt
>
File: photos-files/section11/our_sparse_graph.JPG Graphic file (type jpg)
<use photos-files/section11/our_sparse_graph.JPG>
Package pdftex.def Info: photos-files/section11/our_sparse_graph.JPG  used on i
nput line 462.
(pdftex.def)             Requested size: 298.1154pt x 279.22202pt.
 [40 <./photos-files/section11/density.JPG> <./photos-files/section11/our_spars
e_graph.JPG>]
<photos-files/section12/eisagogi_modularity_twn_statistics.JPG, id=410, 545.036
25pt x 294.34969pt>
File: photos-files/section12/eisagogi_modularity_twn_statistics.JPG Graphic fil
e (type jpg)
<use photos-files/section12/eisagogi_modularity_twn_statistics.JPG>
Package pdftex.def Info: photos-files/section12/eisagogi_modularity_twn_statist
ics.JPG  used on input line 472.
(pdftex.def)             Requested size: 433.62166pt x 234.17755pt.
 [41 <./photos-files/section12/eisagogi_modularity_twn_statistics.JPG>]
<photos-files/section12/0.1/report.JPG, id=415, 217.5628pt x 231.11343pt>
File: photos-files/section12/0.1/report.JPG Graphic file (type jpg)
<use photos-files/section12/0.1/report.JPG>
Package pdftex.def Info: photos-files/section12/0.1/report.JPG  used on input l
ine 482.
(pdftex.def)             Requested size: 135.50624pt x 143.95535pt.
<photos-files/section12/0.1/no_label_layout.png, id=416, 362.85562pt x 441.1481
3pt>
File: photos-files/section12/0.1/no_label_layout.png Graphic file (type png)
<use photos-files/section12/0.1/no_label_layout.png>
Package pdftex.def Info: photos-files/section12/0.1/no_label_layout.png  used o
n input line 486.
(pdftex.def)             Requested size: 271.0125pt x 329.4938pt.
<photos-files/section12/0.1/lith_est_latv_community.png, id=417, 204.765pt x 15
6.585pt>
File: photos-files/section12/0.1/lith_est_latv_community.png Graphic file (type
 png)
<use photos-files/section12/0.1/lith_est_latv_community.png>
Package pdftex.def Info: photos-files/section12/0.1/lith_est_latv_community.png
  used on input line 503.
(pdftex.def)             Requested size: 162.60915pt x 124.35545pt.
<photos-files/section12/0.1/swi_ost_deu_community.png, id=418, 383.93437pt x 27
8.54062pt>
File: photos-files/section12/0.1/swi_ost_deu_community.png Graphic file (type p
ng)
<use photos-files/section12/0.1/swi_ost_deu_community.png>
Package pdftex.def Info: photos-files/section12/0.1/swi_ost_deu_community.png  
used on input line 517.
(pdftex.def)             Requested size: 162.60915pt x 117.97229pt.
 [42 <./photos-files/section12/0.1/report.JPG> <./photos-files/section12/0.1/no
_label_layout.png> <./photos-files/section12/0.1/lith_est_latv_community.png>]
<photos-files/section12/0.1/asia_community.png, id=426, 501.37312pt x 406.51875
pt>
File: photos-files/section12/0.1/asia_community.png Graphic file (type png)
<use photos-files/section12/0.1/asia_community.png>
Package pdftex.def Info: photos-files/section12/0.1/asia_community.png  used on
 input line 531.
(pdftex.def)             Requested size: 162.60915pt x 131.84409pt.
<photos-files/section12/0.1/vorioAfriki_middleEast.png, id=427, 477.28313pt x 3
17.68687pt>
File: photos-files/section12/0.1/vorioAfriki_middleEast.png Graphic file (type 
png)
<use photos-files/section12/0.1/vorioAfriki_middleEast.png>
Package pdftex.def Info: photos-files/section12/0.1/vorioAfriki_middleEast.png 
 used on input line 545.
(pdftex.def)             Requested size: 162.60915pt x 108.23508pt.

Underfull \hbox (badness 5490) in paragraph at lines 552--556
[]\LGR/LinuxLibertineT-TLF/m/n/12 To \OT1/LinuxLibertineT-TLF/m/n/12 com-mu-nit
y \LGR/LinuxLibertineT-TLF/m/n/12 me èntono roz qr¸ma apoteleÐ-tai apo ta
 []

<photos-files/section12/0.1/ameriki_ipiros.png, id=428, 204.765pt x 121.95563pt
>
File: photos-files/section12/0.1/ameriki_ipiros.png Graphic file (type png)
<use photos-files/section12/0.1/ameriki_ipiros.png>
Package pdftex.def Info: photos-files/section12/0.1/ameriki_ipiros.png  used on
 input line 559.
(pdftex.def)             Requested size: 162.60915pt x 96.85374pt.
[43 <./photos-files/section12/0.1/swi_ost_deu_community.png> <./photos-files/se
ction12/0.1/asia_community.png> <./photos-files/section12/0.1/vorioAfriki_middl
eEast.png> <./photos-files/section12/0.1/ameriki_ipiros.png>]
<photos-files/section12/0.5/report.JPG, id=437, 210.7875pt x 237.88875pt>
File: photos-files/section12/0.5/report.JPG Graphic file (type jpg)
<use photos-files/section12/0.5/report.JPG>
Package pdftex.def Info: photos-files/section12/0.5/report.JPG  used on input l
ine 587.
(pdftex.def)             Requested size: 135.50624pt x 152.93068pt.
<photos-files/section12/0.5/pososta.JPG, id=438, 123.46124pt x 118.19156pt>
File: photos-files/section12/0.5/pososta.JPG Graphic file (type jpg)
<use photos-files/section12/0.5/pososta.JPG>
Package pdftex.def Info: photos-files/section12/0.5/pososta.JPG  used on input 
line 591.
(pdftex.def)             Requested size: 162.60915pt x 155.67789pt.
<photos-files/section12/0.5/no_label_layout.JPG, id=439, 484.05844pt x 447.9234
3pt>
File: photos-files/section12/0.5/no_label_layout.JPG Graphic file (type jpg)
<use photos-files/section12/0.5/no_label_layout.JPG>
Package pdftex.def Info: photos-files/section12/0.5/no_label_layout.JPG  used o
n input line 598.
(pdftex.def)             Requested size: 325.2183pt x 300.95465pt.
 [44 <./photos-files/section12/0.5/report.JPG> <./photos-files/section12/0.5/po
sosta.JPG> <./photos-files/section12/0.5/no_label_layout.JPG>]
<photos-files/section12/0.5/vietnam_j_forum.png, id=444, 317.68687pt x 165.6187
4pt>
File: photos-files/section12/0.5/vietnam_j_forum.png Graphic file (type png)
<use photos-files/section12/0.5/vietnam_j_forum.png>
Package pdftex.def Info: photos-files/section12/0.5/vietnam_j_forum.png  used o
n input line 615.
(pdftex.def)             Requested size: 186.99951pt x 97.49182pt.

Overfull \hbox (24.39037pt too wide) in paragraph at lines 615--616
[][] 
 []

[45 <./photos-files/section12/0.5/vietnam_j_forum.png>]
<photos-files/section12/0.96/report.JPG, id=450, 213.04594pt x 234.1247pt>
File: photos-files/section12/0.96/report.JPG Graphic file (type jpg)
<use photos-files/section12/0.96/report.JPG>
Package pdftex.def Info: photos-files/section12/0.96/report.JPG  used on input 
line 627.
(pdftex.def)             Requested size: 135.50624pt x 148.92116pt.
<photos-files/section12/0.96/pososta.JPG, id=451, 146.79843pt x 103.13531pt>
File: photos-files/section12/0.96/pososta.JPG Graphic file (type jpg)
<use photos-files/section12/0.96/pososta.JPG>
Package pdftex.def Info: photos-files/section12/0.96/pososta.JPG  used on input
 line 631.
(pdftex.def)             Requested size: 162.60915pt x 114.2439pt.
<photos-files/section12/0.96/no_label_layout.JPG, id=452, 502.12593pt x 588.699
37pt>
File: photos-files/section12/0.96/no_label_layout.JPG Graphic file (type jpg)
<use photos-files/section12/0.96/no_label_layout.JPG>
Package pdftex.def Info: photos-files/section12/0.96/no_label_layout.JPG  used 
on input line 637.
(pdftex.def)             Requested size: 325.2183pt x 381.31161pt.
 [46 <./photos-files/section12/0.96/report.JPG> <./photos-files/section12/0.96/
pososta.JPG> <./photos-files/section12/0.96/no_label_layout.JPG>] [47]
<photos-files/section13/pagerank_1.JPG, id=461, 201.75375pt x 523.20468pt>
File: photos-files/section13/pagerank_1.JPG Graphic file (type jpg)
<use photos-files/section13/pagerank_1.JPG>
Package pdftex.def Info: photos-files/section13/pagerank_1.JPG  used on input l
ine 650.
(pdftex.def)             Requested size: 189.71205pt x 491.98012pt.
<photos-files/section13/pagerank_2.JPG, id=462, 204.765pt x 532.23843pt>
File: photos-files/section13/pagerank_2.JPG Graphic file (type jpg)
<use photos-files/section13/pagerank_2.JPG>
Package pdftex.def Info: photos-files/section13/pagerank_2.JPG  used on input l
ine 654.
(pdftex.def)             Requested size: 189.71205pt x 493.1412pt.
 [48 <./photos-files/section13/pagerank_1.JPG> <./photos-files/section13/pagera
nk_2.JPG>]
<photos-files/section13/layout.JPG, id=468, 681.29532pt x 630.85687pt>
File: photos-files/section13/layout.JPG Graphic file (type jpg)
<use photos-files/section13/layout.JPG>
Package pdftex.def Info: photos-files/section13/layout.JPG  used on input line 
662.
(pdftex.def)             Requested size: 379.41585pt x 351.32335pt.
 [49 <./photos-files/section13/layout.JPG>] [50]

Package caption Warning: Unused \captionsetup[figure] on input line 48.
See the caption package documentation for explanation.

[51] (document.aux)
 ***********
LaTeX2e <2023-11-01>
L3 programming layer <2024-01-04>
 ***********
Package rerunfilecheck Info: File `document.out' has not changed.
(rerunfilecheck)             Checksum: 6A2950DF68F7F5312A36963B3EBCB238;5474.
 ) 
Here is how much of TeX's memory you used:
 18406 strings out of 474485
 329280 string characters out of 5744206
 1937528 words of memory out of 5000000
 40342 multiletter control sequences out of 15000+600000
 578074 words of font info for 67 fonts, out of 8000000 for 9000
 1141 hyphenation exceptions out of 8191
 75i,6n,117p,2881b,599s stack positions out of 10000i,1000n,20000p,200000b,200000s
<C:/Users/user/AppData/Local/Programs/MiKTeX/fonts/type1/public/libertine/Lin
LibertineT.pfb><C:/Users/user/AppData/Local/Programs/MiKTeX/fonts/type1/public/
libertine/LinLibertineTB.pfb><C:/Users/user/AppData/Local/Programs/MiKTeX/fonts
/type1/public/amsfonts/cm/cmex10.pfb><C:/Users/user/AppData/Local/Programs/MiKT
eX/fonts/type1/public/amsfonts/cm/cmmi12.pfb><C:/Users/user/AppData/Local/Progr
ams/MiKTeX/fonts/type1/public/amsfonts/cm/cmmi8.pfb><C:/Users/user/AppData/Loca
l/Programs/MiKTeX/fonts/type1/public/amsfonts/cm/cmr12.pfb><C:/Users/user/AppDa
ta/Local/Programs/MiKTeX/fonts/type1/public/amsfonts/cm/cmsy6.pfb>
Output written on document.pdf (52 pages, 4225307 bytes).
PDF statistics:
 543 PDF objects out of 1000 (max. 8388607)
 84 named destinations out of 1000 (max. 500000)
 591 words of extra memory for PDF output out of 10000 (max. 10000000)

